  [1m[35m (1540.5ms)[0m  [1m[35mCREATE DATABASE "lista_4_development" ENCODING = 'unicode'[0m
  [1m[35m (607.6ms)[0m  [1m[35mCREATE DATABASE "lista_4_test" ENCODING = 'unicode'[0m
Started GET "/" for ::1 at 2021-10-03 17:29:39 -0300
Processing by Rails::WelcomeController#index as HTML
  Rendering /home/adriano/.rvm/gems/ruby-2.7.1/gems/railties-6.1.4.1/lib/rails/templates/rails/welcome/index.html.erb
  Rendered /home/adriano/.rvm/gems/ruby-2.7.1/gems/railties-6.1.4.1/lib/rails/templates/rails/welcome/index.html.erb (Duration: 25.6ms | Allocations: 406)
Completed 200 OK in 43ms (Views: 31.0ms | ActiveRecord: 0.0ms | Allocations: 3469)


  [1m[35m (121.2ms)[0m  [1m[35mCREATE TABLE "schema_migrations" ("version" character varying NOT NULL PRIMARY KEY)[0m
  [1m[35m (73.9ms)[0m  [1m[35mCREATE TABLE "ar_internal_metadata" ("key" character varying NOT NULL PRIMARY KEY, "value" character varying, "created_at" timestamp(6) NOT NULL, "updated_at" timestamp(6) NOT NULL)[0m
  [1m[35m (0.7ms)[0m  [1m[34mSELECT pg_try_advisory_lock(7539577769960568570)[0m
  [1m[35m (0.9ms)[0m  [1m[34mSELECT "schema_migrations"."version" FROM "schema_migrations" ORDER BY "schema_migrations"."version" ASC[0m
Migrating to CreateTeachers (20211003210333)
  [1m[36mTRANSACTION (0.2ms)[0m  [1m[35mBEGIN[0m
  [1m[35m (67.6ms)[0m  [1m[35mCREATE TABLE "teachers" ("id" bigserial primary key, "name" character varying, "email" character varying, "birth" character varying, "created_at" timestamp(6) NOT NULL, "updated_at" timestamp(6) NOT NULL)[0m
  [1m[36mActiveRecord::SchemaMigration Create (0.4ms)[0m  [1m[32mINSERT INTO "schema_migrations" ("version") VALUES ($1) RETURNING "version"[0m  [["version", "20211003210333"]]
  [1m[36mTRANSACTION (11.6ms)[0m  [1m[35mCOMMIT[0m
  [1m[36mActiveRecord::InternalMetadata Load (0.3ms)[0m  [1m[34mSELECT "ar_internal_metadata".* FROM "ar_internal_metadata" WHERE "ar_internal_metadata"."key" = $1 LIMIT $2[0m  [["key", "environment"], ["LIMIT", 1]]
  [1m[36mTRANSACTION (0.1ms)[0m  [1m[35mBEGIN[0m
  [1m[36mActiveRecord::InternalMetadata Create (0.5ms)[0m  [1m[32mINSERT INTO "ar_internal_metadata" ("key", "value", "created_at", "updated_at") VALUES ($1, $2, $3, $4) RETURNING "key"[0m  [["key", "environment"], ["value", "development"], ["created_at", "2021-10-03 21:05:40.547130"], ["updated_at", "2021-10-03 21:05:40.547130"]]
  [1m[36mTRANSACTION (8.7ms)[0m  [1m[35mCOMMIT[0m
  [1m[35m (0.3ms)[0m  [1m[34mSELECT pg_advisory_unlock(7539577769960568570)[0m
  [1m[35m (0.7ms)[0m  [1m[34mSELECT "schema_migrations"."version" FROM "schema_migrations" ORDER BY "schema_migrations"."version" ASC[0m
  [1m[35m (0.1ms)[0m  [1m[34mSELECT pg_try_advisory_lock(7539577769960568570)[0m
  [1m[35m (0.5ms)[0m  [1m[34mSELECT "schema_migrations"."version" FROM "schema_migrations" ORDER BY "schema_migrations"."version" ASC[0m
Migrating to CreateStudents (20211003210856)
  [1m[36mTRANSACTION (0.2ms)[0m  [1m[35mBEGIN[0m
  [1m[35m (69.8ms)[0m  [1m[35mCREATE TABLE "students" ("id" bigserial primary key, "name" character varying, "registration" character varying, "email" character varying, "birth" character varying, "teacher_id" bigint NOT NULL, "created_at" timestamp(6) NOT NULL, "updated_at" timestamp(6) NOT NULL, CONSTRAINT "fk_rails_2866dd1cd9"
FOREIGN KEY ("teacher_id")
  REFERENCES "teachers" ("id")
)[0m
  [1m[35m (32.3ms)[0m  [1m[35mCREATE INDEX "index_students_on_teacher_id" ON "students" ("teacher_id")[0m
  [1m[36mActiveRecord::SchemaMigration Create (0.7ms)[0m  [1m[32mINSERT INTO "schema_migrations" ("version") VALUES ($1) RETURNING "version"[0m  [["version", "20211003210856"]]
  [1m[36mTRANSACTION (18.2ms)[0m  [1m[35mCOMMIT[0m
  [1m[36mActiveRecord::InternalMetadata Load (0.3ms)[0m  [1m[34mSELECT "ar_internal_metadata".* FROM "ar_internal_metadata" WHERE "ar_internal_metadata"."key" = $1 LIMIT $2[0m  [["key", "environment"], ["LIMIT", 1]]
  [1m[35m (0.2ms)[0m  [1m[34mSELECT pg_advisory_unlock(7539577769960568570)[0m
  [1m[35m (0.7ms)[0m  [1m[34mSELECT "schema_migrations"."version" FROM "schema_migrations" ORDER BY "schema_migrations"."version" ASC[0m
  [1m[35m (0.1ms)[0m  [1m[34mSELECT pg_try_advisory_lock(7539577769960568570)[0m
  [1m[35m (0.5ms)[0m  [1m[34mSELECT "schema_migrations"."version" FROM "schema_migrations" ORDER BY "schema_migrations"."version" ASC[0m
Migrating to CreateLanguages (20211003211151)
  [1m[36mTRANSACTION (0.2ms)[0m  [1m[35mBEGIN[0m
  [1m[35m (114.6ms)[0m  [1m[35mCREATE TABLE "languages" ("id" bigserial primary key, "name" character varying, "teacher_id" bigint NOT NULL, "created_at" timestamp(6) NOT NULL, "updated_at" timestamp(6) NOT NULL, CONSTRAINT "fk_rails_599022f015"
FOREIGN KEY ("teacher_id")
  REFERENCES "teachers" ("id")
)[0m
  [1m[35m (29.0ms)[0m  [1m[35mCREATE INDEX "index_languages_on_teacher_id" ON "languages" ("teacher_id")[0m
  [1m[36mActiveRecord::SchemaMigration Create (1.1ms)[0m  [1m[32mINSERT INTO "schema_migrations" ("version") VALUES ($1) RETURNING "version"[0m  [["version", "20211003211151"]]
  [1m[36mTRANSACTION (15.1ms)[0m  [1m[35mCOMMIT[0m
  [1m[36mActiveRecord::InternalMetadata Load (0.3ms)[0m  [1m[34mSELECT "ar_internal_metadata".* FROM "ar_internal_metadata" WHERE "ar_internal_metadata"."key" = $1 LIMIT $2[0m  [["key", "environment"], ["LIMIT", 1]]
  [1m[35m (0.4ms)[0m  [1m[34mSELECT pg_advisory_unlock(7539577769960568570)[0m
  [1m[35m (0.6ms)[0m  [1m[34mSELECT "schema_migrations"."version" FROM "schema_migrations" ORDER BY "schema_migrations"."version" ASC[0m
  [1m[35m (0.5ms)[0m  [1m[34mSELECT "schema_migrations"."version" FROM "schema_migrations" ORDER BY "schema_migrations"."version" ASC[0m
  [1m[35m (0.3ms)[0m  [1m[34mSELECT "ar_internal_metadata"."value" FROM "ar_internal_metadata" WHERE "ar_internal_metadata"."key" = $1[0m  [["key", "environment"]]
  [1m[35m (0.2ms)[0m  [1m[34mSELECT "schema_migrations"."version" FROM "schema_migrations" ORDER BY "schema_migrations"."version" ASC[0m
  [1m[35m (0.3ms)[0m  [1m[34mSELECT "ar_internal_metadata"."value" FROM "ar_internal_metadata" WHERE "ar_internal_metadata"."key" = $1[0m  [["key", "environment"]]
  [1m[35m (0.3ms)[0m  [1m[34mSELECT "schema_migrations"."version" FROM "schema_migrations" ORDER BY "schema_migrations"."version" ASC[0m
  [1m[35m (0.2ms)[0m  [1m[34mSELECT "ar_internal_metadata"."value" FROM "ar_internal_metadata" WHERE "ar_internal_metadata"."key" = $1[0m  [["key", "environment"]]
  [1m[35m (283.9ms)[0m  [1m[35mDROP DATABASE IF EXISTS "lista_4_development"[0m
  [1m[35m (216.0ms)[0m  [1m[35mDROP DATABASE IF EXISTS "lista_4_test"[0m
Started GET "/" for ::1 at 2021-10-03 18:22:48 -0300
  
ActiveRecord::NoDatabaseError (FATAL:  database "lista_4_development" does not exist
):
  
activerecord (6.1.4.1) lib/active_record/connection_adapters/postgresql_adapter.rb:81:in `rescue in new_client'
activerecord (6.1.4.1) lib/active_record/connection_adapters/postgresql_adapter.rb:77:in `new_client'
activerecord (6.1.4.1) lib/active_record/connection_adapters/postgresql_adapter.rb:37:in `postgresql_connection'
activerecord (6.1.4.1) lib/active_record/connection_adapters/abstract/connection_pool.rb:882:in `public_send'
activerecord (6.1.4.1) lib/active_record/connection_adapters/abstract/connection_pool.rb:882:in `new_connection'
activerecord (6.1.4.1) lib/active_record/connection_adapters/abstract/connection_pool.rb:926:in `checkout_new_connection'
activerecord (6.1.4.1) lib/active_record/connection_adapters/abstract/connection_pool.rb:905:in `try_to_checkout_new_connection'
activerecord (6.1.4.1) lib/active_record/connection_adapters/abstract/connection_pool.rb:866:in `acquire_connection'
activerecord (6.1.4.1) lib/active_record/connection_adapters/abstract/connection_pool.rb:588:in `checkout'
activerecord (6.1.4.1) lib/active_record/connection_adapters/abstract/connection_pool.rb:428:in `connection'
activerecord (6.1.4.1) lib/active_record/connection_adapters/abstract/connection_pool.rb:1128:in `retrieve_connection'
activerecord (6.1.4.1) lib/active_record/connection_handling.rb:327:in `retrieve_connection'
activerecord (6.1.4.1) lib/active_record/connection_handling.rb:283:in `connection'
activerecord (6.1.4.1) lib/active_record/migration.rb:611:in `connection'
activerecord (6.1.4.1) lib/active_record/migration.rb:606:in `build_watcher'
activerecord (6.1.4.1) lib/active_record/migration.rb:588:in `block in call'
activerecord (6.1.4.1) lib/active_record/migration.rb:587:in `synchronize'
activerecord (6.1.4.1) lib/active_record/migration.rb:587:in `call'
actionpack (6.1.4.1) lib/action_dispatch/middleware/callbacks.rb:27:in `block in call'
activesupport (6.1.4.1) lib/active_support/callbacks.rb:98:in `run_callbacks'
actionpack (6.1.4.1) lib/action_dispatch/middleware/callbacks.rb:26:in `call'
actionpack (6.1.4.1) lib/action_dispatch/middleware/executor.rb:14:in `call'
actionpack (6.1.4.1) lib/action_dispatch/middleware/actionable_exceptions.rb:18:in `call'
actionpack (6.1.4.1) lib/action_dispatch/middleware/debug_exceptions.rb:29:in `call'
actionpack (6.1.4.1) lib/action_dispatch/middleware/show_exceptions.rb:33:in `call'
railties (6.1.4.1) lib/rails/rack/logger.rb:37:in `call_app'
railties (6.1.4.1) lib/rails/rack/logger.rb:26:in `block in call'
activesupport (6.1.4.1) lib/active_support/tagged_logging.rb:99:in `block in tagged'
activesupport (6.1.4.1) lib/active_support/tagged_logging.rb:37:in `tagged'
activesupport (6.1.4.1) lib/active_support/tagged_logging.rb:99:in `tagged'
railties (6.1.4.1) lib/rails/rack/logger.rb:26:in `call'
actionpack (6.1.4.1) lib/action_dispatch/middleware/remote_ip.rb:81:in `call'
actionpack (6.1.4.1) lib/action_dispatch/middleware/request_id.rb:26:in `call'
rack (2.2.3) lib/rack/runtime.rb:22:in `call'
activesupport (6.1.4.1) lib/active_support/cache/strategy/local_cache_middleware.rb:29:in `call'
actionpack (6.1.4.1) lib/action_dispatch/middleware/executor.rb:14:in `call'
actionpack (6.1.4.1) lib/action_dispatch/middleware/static.rb:24:in `call'
rack (2.2.3) lib/rack/sendfile.rb:110:in `call'
actionpack (6.1.4.1) lib/action_dispatch/middleware/host_authorization.rb:98:in `call'
railties (6.1.4.1) lib/rails/engine.rb:539:in `call'
puma (5.5.0) lib/puma/configuration.rb:249:in `call'
puma (5.5.0) lib/puma/request.rb:77:in `block in handle_request'
puma (5.5.0) lib/puma/thread_pool.rb:340:in `with_force_shutdown'
puma (5.5.0) lib/puma/request.rb:76:in `handle_request'
puma (5.5.0) lib/puma/server.rb:447:in `process_client'
puma (5.5.0) lib/puma/thread_pool.rb:147:in `block in spawn_thread'
  [1m[35m (636.1ms)[0m  [1m[35mCREATE DATABASE "lista_4_development" ENCODING = 'unicode'[0m
  [1m[35m (628.2ms)[0m  [1m[35mCREATE DATABASE "lista_4_test" ENCODING = 'unicode'[0m
  [1m[35m (81.0ms)[0m  [1m[35mCREATE TABLE "schema_migrations" ("version" character varying NOT NULL PRIMARY KEY)[0m
  [1m[35m (83.5ms)[0m  [1m[35mCREATE TABLE "ar_internal_metadata" ("key" character varying NOT NULL PRIMARY KEY, "value" character varying, "created_at" timestamp(6) NOT NULL, "updated_at" timestamp(6) NOT NULL)[0m
  [1m[35m (0.6ms)[0m  [1m[34mSELECT pg_try_advisory_lock(7539577769960568570)[0m
  [1m[35m (1.1ms)[0m  [1m[34mSELECT "schema_migrations"."version" FROM "schema_migrations" ORDER BY "schema_migrations"."version" ASC[0m
Migrating to CreateTeachers (20211003212736)
  [1m[36mTRANSACTION (0.5ms)[0m  [1m[35mBEGIN[0m
  [1m[35m (81.3ms)[0m  [1m[35mCREATE TABLE "teachers" ("id" bigserial primary key, "name" character varying, "email" character varying, "birth" date, "created_at" timestamp(6) NOT NULL, "updated_at" timestamp(6) NOT NULL)[0m
  [1m[36mActiveRecord::SchemaMigration Create (0.4ms)[0m  [1m[32mINSERT INTO "schema_migrations" ("version") VALUES ($1) RETURNING "version"[0m  [["version", "20211003212736"]]
  [1m[36mTRANSACTION (15.0ms)[0m  [1m[35mCOMMIT[0m
Migrating to CreateLanguages (20211003213513)
  [1m[36mTRANSACTION (0.2ms)[0m  [1m[35mBEGIN[0m
  [1m[35m (88.6ms)[0m  [1m[35mCREATE TABLE "languages" ("id" bigserial primary key, "name" character varying, "teacher_id" bigint NOT NULL, "created_at" timestamp(6) NOT NULL, "updated_at" timestamp(6) NOT NULL, CONSTRAINT "fk_rails_599022f015"
FOREIGN KEY ("teacher_id")
  REFERENCES "teachers" ("id")
)[0m
  [1m[35m (21.4ms)[0m  [1m[35mCREATE INDEX "index_languages_on_teacher_id" ON "languages" ("teacher_id")[0m
  [1m[36mActiveRecord::SchemaMigration Create (0.4ms)[0m  [1m[32mINSERT INTO "schema_migrations" ("version") VALUES ($1) RETURNING "version"[0m  [["version", "20211003213513"]]
  [1m[36mTRANSACTION (15.4ms)[0m  [1m[35mCOMMIT[0m
Migrating to CreateStudents (20211003213759)
  [1m[36mTRANSACTION (0.5ms)[0m  [1m[35mBEGIN[0m
  [1m[35m (62.1ms)[0m  [1m[35mCREATE TABLE "students" ("id" bigserial primary key, "name" character varying, "registration" character varying, "email" character varying, "birth" date, "teacher_id" bigint NOT NULL, "created_at" timestamp(6) NOT NULL, "updated_at" timestamp(6) NOT NULL, CONSTRAINT "fk_rails_2866dd1cd9"
FOREIGN KEY ("teacher_id")
  REFERENCES "teachers" ("id")
)[0m
  [1m[35m (32.2ms)[0m  [1m[35mCREATE INDEX "index_students_on_teacher_id" ON "students" ("teacher_id")[0m
  [1m[36mActiveRecord::SchemaMigration Create (0.3ms)[0m  [1m[32mINSERT INTO "schema_migrations" ("version") VALUES ($1) RETURNING "version"[0m  [["version", "20211003213759"]]
  [1m[36mTRANSACTION (12.6ms)[0m  [1m[35mCOMMIT[0m
  [1m[36mActiveRecord::InternalMetadata Load (0.3ms)[0m  [1m[34mSELECT "ar_internal_metadata".* FROM "ar_internal_metadata" WHERE "ar_internal_metadata"."key" = $1 LIMIT $2[0m  [["key", "environment"], ["LIMIT", 1]]
  [1m[36mTRANSACTION (0.2ms)[0m  [1m[35mBEGIN[0m
  [1m[36mActiveRecord::InternalMetadata Create (0.5ms)[0m  [1m[32mINSERT INTO "ar_internal_metadata" ("key", "value", "created_at", "updated_at") VALUES ($1, $2, $3, $4) RETURNING "key"[0m  [["key", "environment"], ["value", "development"], ["created_at", "2021-10-03 21:38:23.146045"], ["updated_at", "2021-10-03 21:38:23.146045"]]
  [1m[36mTRANSACTION (13.7ms)[0m  [1m[35mCOMMIT[0m
  [1m[35m (0.3ms)[0m  [1m[34mSELECT pg_advisory_unlock(7539577769960568570)[0m
  [1m[35m (0.8ms)[0m  [1m[34mSELECT "schema_migrations"."version" FROM "schema_migrations" ORDER BY "schema_migrations"."version" ASC[0m
  [1m[35m (0.1ms)[0m  [1m[34mSELECT pg_try_advisory_lock(7539577769960568570)[0m
  [1m[35m (0.5ms)[0m  [1m[34mSELECT "schema_migrations"."version" FROM "schema_migrations" ORDER BY "schema_migrations"."version" ASC[0m
  [1m[36mActiveRecord::InternalMetadata Load (0.3ms)[0m  [1m[34mSELECT "ar_internal_metadata".* FROM "ar_internal_metadata" WHERE "ar_internal_metadata"."key" = $1 LIMIT $2[0m  [["key", "environment"], ["LIMIT", 1]]
  [1m[35m (0.2ms)[0m  [1m[34mSELECT pg_advisory_unlock(7539577769960568570)[0m
  [1m[35m (0.5ms)[0m  [1m[34mSELECT "schema_migrations"."version" FROM "schema_migrations" ORDER BY "schema_migrations"."version" ASC[0m
  [1m[35m (0.4ms)[0m  [1m[34mSELECT "schema_migrations"."version" FROM "schema_migrations" ORDER BY "schema_migrations"."version" ASC[0m
  [1m[36mTRANSACTION (0.4ms)[0m  [1m[35mBEGIN[0m
  [1m[36mTeacher Create (1.9ms)[0m  [1m[32mINSERT INTO "teachers" ("name", "email", "birth", "created_at", "updated_at") VALUES ($1, $2, $3, $4, $5) RETURNING "id"[0m  [["name", "Professor 1"], ["email", "prof_1@mail.com"], ["birth", "1999-01-01"], ["created_at", "2021-10-03 22:11:24.542018"], ["updated_at", "2021-10-03 22:11:24.542018"]]
  [1m[36mTRANSACTION (118.5ms)[0m  [1m[35mCOMMIT[0m
  [1m[36mTRANSACTION (0.4ms)[0m  [1m[35mBEGIN[0m
  [1m[36mTeacher Create (0.8ms)[0m  [1m[32mINSERT INTO "teachers" ("name", "email", "birth", "created_at", "updated_at") VALUES ($1, $2, $3, $4, $5) RETURNING "id"[0m  [["name", "Professor 2"], ["email", "prof_2@mail.com"], ["birth", "1999-01-02"], ["created_at", "2021-10-03 22:11:24.675476"], ["updated_at", "2021-10-03 22:11:24.675476"]]
  [1m[36mTRANSACTION (3.3ms)[0m  [1m[35mCOMMIT[0m
  [1m[35m (0.4ms)[0m  [1m[34mSELECT "schema_migrations"."version" FROM "schema_migrations" ORDER BY "schema_migrations"."version" ASC[0m
  [1m[36mTRANSACTION (0.2ms)[0m  [1m[35mBEGIN[0m
  [1m[36mTeacher Create (0.5ms)[0m  [1m[32mINSERT INTO "teachers" ("name", "email", "birth", "created_at", "updated_at") VALUES ($1, $2, $3, $4, $5) RETURNING "id"[0m  [["name", "Professor 1"], ["email", "prof_1@mail.com"], ["birth", "1999-01-01"], ["created_at", "2021-10-03 22:11:55.337049"], ["updated_at", "2021-10-03 22:11:55.337049"]]
  [1m[36mTRANSACTION (40.0ms)[0m  [1m[35mCOMMIT[0m
  [1m[36mTRANSACTION (0.3ms)[0m  [1m[35mBEGIN[0m
  [1m[36mTeacher Create (0.5ms)[0m  [1m[32mINSERT INTO "teachers" ("name", "email", "birth", "created_at", "updated_at") VALUES ($1, $2, $3, $4, $5) RETURNING "id"[0m  [["name", "Professor 2"], ["email", "prof_2@mail.com"], ["birth", "1999-01-02"], ["created_at", "2021-10-03 22:11:55.393836"], ["updated_at", "2021-10-03 22:11:55.393836"]]
  [1m[36mTRANSACTION (4.1ms)[0m  [1m[35mCOMMIT[0m
  [1m[36mTRANSACTION (0.1ms)[0m  [1m[35mBEGIN[0m
  [1m[36mTeacher Load (0.3ms)[0m  [1m[34mSELECT "teachers".* FROM "teachers" WHERE "teachers"."id" = $1 LIMIT $2[0m  [["id", 1], ["LIMIT", 1]]
  [1m[36mLanguage Create (0.7ms)[0m  [1m[32mINSERT INTO "languages" ("name", "teacher_id", "created_at", "updated_at") VALUES ($1, $2, $3, $4) RETURNING "id"[0m  [["name", "ruby"], ["teacher_id", 1], ["created_at", "2021-10-03 22:11:55.431496"], ["updated_at", "2021-10-03 22:11:55.431496"]]
  [1m[36mTRANSACTION (13.1ms)[0m  [1m[35mCOMMIT[0m
  [1m[36mTRANSACTION (0.2ms)[0m  [1m[35mBEGIN[0m
  [1m[36mTeacher Load (0.3ms)[0m  [1m[34mSELECT "teachers".* FROM "teachers" WHERE "teachers"."id" = $1 LIMIT $2[0m  [["id", 2], ["LIMIT", 1]]
  [1m[36mLanguage Create (0.4ms)[0m  [1m[32mINSERT INTO "languages" ("name", "teacher_id", "created_at", "updated_at") VALUES ($1, $2, $3, $4) RETURNING "id"[0m  [["name", "c"], ["teacher_id", 2], ["created_at", "2021-10-03 22:11:55.450603"], ["updated_at", "2021-10-03 22:11:55.450603"]]
  [1m[36mTRANSACTION (5.3ms)[0m  [1m[35mCOMMIT[0m
  [1m[36mTRANSACTION (0.2ms)[0m  [1m[35mBEGIN[0m
  [1m[36mTeacher Load (0.3ms)[0m  [1m[34mSELECT "teachers".* FROM "teachers" WHERE "teachers"."id" = $1 LIMIT $2[0m  [["id", 1], ["LIMIT", 1]]
  [1m[36mStudent Exists? (0.6ms)[0m  [1m[34mSELECT 1 AS one FROM "students" WHERE "students"."registration" = $1 LIMIT $2[0m  [["registration", "100000001"], ["LIMIT", 1]]
  [1m[36mStudent Create (0.6ms)[0m  [1m[32mINSERT INTO "students" ("name", "registration", "email", "birth", "teacher_id", "created_at", "updated_at") VALUES ($1, $2, $3, $4, $5, $6, $7) RETURNING "id"[0m  [["name", "Aluno 1"], ["registration", "100000001"], ["email", "aluno_1@mail.com"], ["birth", "2005-01-01"], ["teacher_id", 1], ["created_at", "2021-10-03 22:11:55.472931"], ["updated_at", "2021-10-03 22:11:55.472931"]]
  [1m[36mTRANSACTION (4.8ms)[0m  [1m[35mCOMMIT[0m
  [1m[36mTRANSACTION (0.2ms)[0m  [1m[35mBEGIN[0m
  [1m[36mTeacher Load (0.3ms)[0m  [1m[34mSELECT "teachers".* FROM "teachers" WHERE "teachers"."id" = $1 LIMIT $2[0m  [["id", 1], ["LIMIT", 1]]
  [1m[36mStudent Exists? (0.3ms)[0m  [1m[34mSELECT 1 AS one FROM "students" WHERE "students"."registration" = $1 LIMIT $2[0m  [["registration", "100000002"], ["LIMIT", 1]]
  [1m[36mStudent Create (0.3ms)[0m  [1m[32mINSERT INTO "students" ("name", "registration", "email", "birth", "teacher_id", "created_at", "updated_at") VALUES ($1, $2, $3, $4, $5, $6, $7) RETURNING "id"[0m  [["name", "Aluno 2"], ["registration", "100000002"], ["email", "aluno_2@mail.com"], ["birth", "2005-01-02"], ["teacher_id", 1], ["created_at", "2021-10-03 22:11:55.485627"], ["updated_at", "2021-10-03 22:11:55.485627"]]
  [1m[36mTRANSACTION (3.6ms)[0m  [1m[35mCOMMIT[0m
  [1m[36mTRANSACTION (0.5ms)[0m  [1m[35mBEGIN[0m
  [1m[36mTeacher Load (0.7ms)[0m  [1m[34mSELECT "teachers".* FROM "teachers" WHERE "teachers"."id" = $1 LIMIT $2[0m  [["id", 1], ["LIMIT", 1]]
  [1m[36mStudent Exists? (0.6ms)[0m  [1m[34mSELECT 1 AS one FROM "students" WHERE "students"."registration" = $1 LIMIT $2[0m  [["registration", "100000003"], ["LIMIT", 1]]
  [1m[36mStudent Create (0.8ms)[0m  [1m[32mINSERT INTO "students" ("name", "registration", "email", "birth", "teacher_id", "created_at", "updated_at") VALUES ($1, $2, $3, $4, $5, $6, $7) RETURNING "id"[0m  [["name", "Aluno 3"], ["registration", "100000003"], ["email", "aluno_3@mail.com"], ["birth", "2005-01-03"], ["teacher_id", 1], ["created_at", "2021-10-03 22:11:55.506798"], ["updated_at", "2021-10-03 22:11:55.506798"]]
  [1m[36mTRANSACTION (14.0ms)[0m  [1m[35mCOMMIT[0m
  [1m[36mTRANSACTION (0.3ms)[0m  [1m[35mBEGIN[0m
  [1m[36mTeacher Load (0.4ms)[0m  [1m[34mSELECT "teachers".* FROM "teachers" WHERE "teachers"."id" = $1 LIMIT $2[0m  [["id", 2], ["LIMIT", 1]]
  [1m[36mStudent Exists? (0.4ms)[0m  [1m[34mSELECT 1 AS one FROM "students" WHERE "students"."registration" = $1 LIMIT $2[0m  [["registration", "100000004"], ["LIMIT", 1]]
  [1m[36mStudent Create (0.6ms)[0m  [1m[32mINSERT INTO "students" ("name", "registration", "email", "birth", "teacher_id", "created_at", "updated_at") VALUES ($1, $2, $3, $4, $5, $6, $7) RETURNING "id"[0m  [["name", "Aluno 4"], ["registration", "100000004"], ["email", "aluno_4@mail.com"], ["birth", "2005-01-04"], ["teacher_id", 2], ["created_at", "2021-10-03 22:11:55.533352"], ["updated_at", "2021-10-03 22:11:55.533352"]]
  [1m[36mTRANSACTION (10.0ms)[0m  [1m[35mCOMMIT[0m
  [1m[36mTRANSACTION (0.3ms)[0m  [1m[35mBEGIN[0m
  [1m[36mTeacher Load (0.3ms)[0m  [1m[34mSELECT "teachers".* FROM "teachers" WHERE "teachers"."id" = $1 LIMIT $2[0m  [["id", 2], ["LIMIT", 1]]
  [1m[36mStudent Exists? (0.5ms)[0m  [1m[34mSELECT 1 AS one FROM "students" WHERE "students"."registration" = $1 LIMIT $2[0m  [["registration", "100000005"], ["LIMIT", 1]]
  [1m[36mStudent Create (0.6ms)[0m  [1m[32mINSERT INTO "students" ("name", "registration", "email", "birth", "teacher_id", "created_at", "updated_at") VALUES ($1, $2, $3, $4, $5, $6, $7) RETURNING "id"[0m  [["name", "Aluno 5"], ["registration", "100000005"], ["email", "aluno_5@mail.com"], ["birth", "2005-01-05"], ["teacher_id", 2], ["created_at", "2021-10-03 22:11:55.555548"], ["updated_at", "2021-10-03 22:11:55.555548"]]
  [1m[36mTRANSACTION (9.8ms)[0m  [1m[35mCOMMIT[0m
  [1m[36mTeacher Load (0.4ms)[0m  [1m[34mSELECT "teachers".* FROM "teachers" /* loading for inspect */ LIMIT $1[0m  [["LIMIT", 11]]
  [1m[36mTeacher Load (0.4ms)[0m  [1m[34mSELECT "teachers".* FROM "teachers"[0m
  [1m[36mLanguage Load (0.3ms)[0m  [1m[34mSELECT "languages".* FROM "languages" /* loading for inspect */ LIMIT $1[0m  [["LIMIT", 11]]
  [1m[36mStudent Load (0.6ms)[0m  [1m[34mSELECT "students".* FROM "students" /* loading for inspect */ LIMIT $1[0m  [["LIMIT", 11]]
  [1m[36mTeacher Load (1.0ms)[0m  [1m[34mSELECT "teachers".* FROM "teachers" /* loading for inspect */ LIMIT $1[0m  [["LIMIT", 11]]
  [1m[36mTeacher Load (0.3ms)[0m  [1m[34mSELECT "teachers".* FROM "teachers" ORDER BY "teachers"."id" DESC LIMIT $1[0m  [["LIMIT", 1]]
  [1m[36mTRANSACTION (1.9ms)[0m  [1m[35mBEGIN[0m
  [1m[36mTeacher Destroy (1.3ms)[0m  [1m[31mDELETE FROM "teachers" WHERE "teachers"."id" = $1[0m  [["id", 4]]
  [1m[36mTRANSACTION (51.9ms)[0m  [1m[35mCOMMIT[0m
  [1m[36mTeacher Load (0.4ms)[0m  [1m[34mSELECT "teachers".* FROM "teachers" ORDER BY "teachers"."id" DESC LIMIT $1[0m  [["LIMIT", 1]]
  [1m[36mTeacher Load (0.4ms)[0m  [1m[34mSELECT "teachers".* FROM "teachers" ORDER BY "teachers"."id" DESC LIMIT $1[0m  [["LIMIT", 1]]
  [1m[36mTRANSACTION (0.4ms)[0m  [1m[35mBEGIN[0m
  [1m[36mTeacher Destroy (1.9ms)[0m  [1m[31mDELETE FROM "teachers" WHERE "teachers"."id" = $1[0m  [["id", 3]]
  [1m[36mTRANSACTION (36.7ms)[0m  [1m[35mCOMMIT[0m
  [1m[36mTeacher Load (0.9ms)[0m  [1m[34mSELECT "teachers".* FROM "teachers" /* loading for inspect */ LIMIT $1[0m  [["LIMIT", 11]]
  [1m[36mTeacher Load (0.4ms)[0m  [1m[34mSELECT "teachers".* FROM "teachers" ORDER BY "teachers"."id" DESC LIMIT $1[0m  [["LIMIT", 1]]
  [1m[36mStudent Load (0.7ms)[0m  [1m[34mSELECT "students".* FROM "students" WHERE "students"."teacher_id" = $1 /* loading for inspect */ LIMIT $2[0m  [["teacher_id", 2], ["LIMIT", 11]]
  [1m[36mTeacher Load (0.3ms)[0m  [1m[34mSELECT "teachers".* FROM "teachers" ORDER BY "teachers"."id" ASC LIMIT $1[0m  [["LIMIT", 1]]
  [1m[36mStudent Load (0.4ms)[0m  [1m[34mSELECT "students".* FROM "students" WHERE "students"."teacher_id" = $1 /* loading for inspect */ LIMIT $2[0m  [["teacher_id", 1], ["LIMIT", 11]]
  [1m[36mTeacher Load (0.3ms)[0m  [1m[34mSELECT "teachers".* FROM "teachers" ORDER BY "teachers"."id" ASC LIMIT $1[0m  [["LIMIT", 1]]
  [1m[36mLanguage Load (0.2ms)[0m  [1m[34mSELECT "languages".* FROM "languages" WHERE "languages"."teacher_id" = $1 LIMIT $2[0m  [["teacher_id", 1], ["LIMIT", 1]]
  [1m[36mTeacher Load (0.3ms)[0m  [1m[34mSELECT "teachers".* FROM "teachers" ORDER BY "teachers"."id" ASC LIMIT $1[0m  [["LIMIT", 1]]
  [1m[36mTeacher Load (0.2ms)[0m  [1m[34mSELECT "teachers".* FROM "teachers" ORDER BY "teachers"."id" ASC LIMIT $1[0m  [["LIMIT", 1]]
  [1m[36mLanguage Load (0.5ms)[0m  [1m[34mSELECT "languages".* FROM "languages" WHERE "languages"."teacher_id" = $1 LIMIT $2[0m  [["teacher_id", 1], ["LIMIT", 1]]
  [1m[36mTeacher Load (0.2ms)[0m  [1m[34mSELECT "teachers".* FROM "teachers" ORDER BY "teachers"."id" DESC LIMIT $1[0m  [["LIMIT", 1]]
  [1m[36mLanguage Load (0.4ms)[0m  [1m[34mSELECT "languages".* FROM "languages" WHERE "languages"."teacher_id" = $1 LIMIT $2[0m  [["teacher_id", 2], ["LIMIT", 1]]
Started GET "/api/v1/teachers/index" for ::1 at 2021-10-03 20:01:50 -0300
  [1m[35m (0.6ms)[0m  [1m[34mSELECT "schema_migrations"."version" FROM "schema_migrations" ORDER BY "schema_migrations"."version" ASC[0m
Processing by Api::V1::TeachersController#index as */*
  [1m[36mTeacher Load (0.5ms)[0m  [1m[34mSELECT "teachers".* FROM "teachers"[0m
  ↳ app/controllers/api/v1/teachers_controller.rb:4:in `index'
Completed 200 OK in 22ms (Views: 7.2ms | ActiveRecord: 3.8ms | Allocations: 7703)


Started GET "/api/v1/teachers/show/1" for ::1 at 2021-10-03 20:11:28 -0300
  [1m[35m (0.5ms)[0m  [1m[34mSELECT "schema_migrations"."version" FROM "schema_migrations" ORDER BY "schema_migrations"."version" ASC[0m
Processing by Api::V1::TeachersController#show as */*
  Parameters: {"id"=>"1"}
  [1m[36mTeacher Load (0.3ms)[0m  [1m[34mSELECT "teachers".* FROM "teachers" WHERE "teachers"."id" = $1 LIMIT $2[0m  [["id", 1], ["LIMIT", 1]]
  ↳ app/controllers/api/v1/teachers_controller.rb:8:in `show'
Completed 200 OK in 23ms (Views: 2.1ms | ActiveRecord: 2.9ms | Allocations: 7890)


Started GET "/api/v1/teachers/show/3" for ::1 at 2021-10-03 20:12:17 -0300
Processing by Api::V1::TeachersController#show as */*
  Parameters: {"id"=>"3"}
  [1m[36mTeacher Load (0.3ms)[0m  [1m[34mSELECT "teachers".* FROM "teachers" WHERE "teachers"."id" = $1 LIMIT $2[0m  [["id", 3], ["LIMIT", 1]]
  ↳ app/controllers/api/v1/teachers_controller.rb:8:in `show'
Completed 404 Not Found in 4ms (ActiveRecord: 0.3ms | Allocations: 492)


  [1m[36mTRANSACTION (0.1ms)[0m  [1m[35mBEGIN[0m
  [1m[36mStudent Exists? (0.6ms)[0m  [1m[34mSELECT 1 AS one FROM "students" WHERE "students"."registration" = $1 LIMIT $2[0m  [["registration", "111"], ["LIMIT", 1]]
  [1m[36mTRANSACTION (0.2ms)[0m  [1m[31mROLLBACK[0m
  [1m[36mStudent Load (0.3ms)[0m  [1m[34mSELECT "students".* FROM "students" ORDER BY "students"."id" DESC LIMIT $1[0m  [["LIMIT", 1]]
  [1m[35m (0.4ms)[0m  [1m[34mSELECT "schema_migrations"."version" FROM "schema_migrations" ORDER BY "schema_migrations"."version" ASC[0m
  [1m[35m (0.3ms)[0m  [1m[34mSELECT "ar_internal_metadata"."value" FROM "ar_internal_metadata" WHERE "ar_internal_metadata"."key" = $1[0m  [["key", "environment"]]
  [1m[35m (0.2ms)[0m  [1m[34mSELECT "schema_migrations"."version" FROM "schema_migrations" ORDER BY "schema_migrations"."version" ASC[0m
  [1m[35m (0.2ms)[0m  [1m[34mSELECT "ar_internal_metadata"."value" FROM "ar_internal_metadata" WHERE "ar_internal_metadata"."key" = $1[0m  [["key", "environment"]]
  [1m[35m (0.3ms)[0m  [1m[34mSELECT "schema_migrations"."version" FROM "schema_migrations" ORDER BY "schema_migrations"."version" ASC[0m
  [1m[35m (0.2ms)[0m  [1m[34mSELECT "ar_internal_metadata"."value" FROM "ar_internal_metadata" WHERE "ar_internal_metadata"."key" = $1[0m  [["key", "environment"]]
  [1m[35m (301.7ms)[0m  [1m[35mDROP DATABASE IF EXISTS "lista_4_development"[0m
  [1m[35m (208.8ms)[0m  [1m[35mDROP DATABASE IF EXISTS "lista_4_test"[0m
  [1m[35m (947.1ms)[0m  [1m[35mCREATE DATABASE "lista_4_development" ENCODING = 'unicode'[0m
  [1m[35m (679.7ms)[0m  [1m[35mCREATE DATABASE "lista_4_test" ENCODING = 'unicode'[0m
  [1m[35m (111.7ms)[0m  [1m[35mCREATE TABLE "schema_migrations" ("version" character varying NOT NULL PRIMARY KEY)[0m
  [1m[35m (81.7ms)[0m  [1m[35mCREATE TABLE "ar_internal_metadata" ("key" character varying NOT NULL PRIMARY KEY, "value" character varying, "created_at" timestamp(6) NOT NULL, "updated_at" timestamp(6) NOT NULL)[0m
  [1m[35m (0.7ms)[0m  [1m[34mSELECT pg_try_advisory_lock(7539577769960568570)[0m
  [1m[35m (1.1ms)[0m  [1m[34mSELECT "schema_migrations"."version" FROM "schema_migrations" ORDER BY "schema_migrations"."version" ASC[0m
Migrating to CreateTeachers (20211003212736)
  [1m[36mTRANSACTION (0.3ms)[0m  [1m[35mBEGIN[0m
  [1m[35m (76.7ms)[0m  [1m[35mCREATE TABLE "teachers" ("id" bigserial primary key, "name" character varying, "email" character varying, "birth" date, "created_at" timestamp(6) NOT NULL, "updated_at" timestamp(6) NOT NULL)[0m
  [1m[36mActiveRecord::SchemaMigration Create (0.4ms)[0m  [1m[32mINSERT INTO "schema_migrations" ("version") VALUES ($1) RETURNING "version"[0m  [["version", "20211003212736"]]
  [1m[36mTRANSACTION (15.6ms)[0m  [1m[35mCOMMIT[0m
Migrating to CreateLanguages (20211003213513)
  [1m[36mTRANSACTION (0.2ms)[0m  [1m[35mBEGIN[0m
  [1m[35m (68.2ms)[0m  [1m[35mCREATE TABLE "languages" ("id" bigserial primary key, "name" character varying, "teacher_id" bigint NOT NULL, "created_at" timestamp(6) NOT NULL, "updated_at" timestamp(6) NOT NULL, CONSTRAINT "fk_rails_599022f015"
FOREIGN KEY ("teacher_id")
  REFERENCES "teachers" ("id")
)[0m
  [1m[35m (21.3ms)[0m  [1m[35mCREATE INDEX "index_languages_on_teacher_id" ON "languages" ("teacher_id")[0m
  [1m[36mActiveRecord::SchemaMigration Create (0.3ms)[0m  [1m[32mINSERT INTO "schema_migrations" ("version") VALUES ($1) RETURNING "version"[0m  [["version", "20211003213513"]]
  [1m[36mTRANSACTION (14.7ms)[0m  [1m[35mCOMMIT[0m
Migrating to CreateStudents (20211003213759)
  [1m[36mTRANSACTION (0.2ms)[0m  [1m[35mBEGIN[0m
  [1m[35m (69.6ms)[0m  [1m[35mCREATE TABLE "students" ("id" bigserial primary key, "name" character varying, "registration" character varying, "email" character varying, "birth" date, "teacher_id" bigint NOT NULL, "created_at" timestamp(6) NOT NULL, "updated_at" timestamp(6) NOT NULL, CONSTRAINT "fk_rails_2866dd1cd9"
FOREIGN KEY ("teacher_id")
  REFERENCES "teachers" ("id")
)[0m
  [1m[35m (32.5ms)[0m  [1m[35mCREATE INDEX "index_students_on_teacher_id" ON "students" ("teacher_id")[0m
  [1m[36mActiveRecord::SchemaMigration Create (0.3ms)[0m  [1m[32mINSERT INTO "schema_migrations" ("version") VALUES ($1) RETURNING "version"[0m  [["version", "20211003213759"]]
  [1m[36mTRANSACTION (13.4ms)[0m  [1m[35mCOMMIT[0m
  [1m[36mActiveRecord::InternalMetadata Load (0.2ms)[0m  [1m[34mSELECT "ar_internal_metadata".* FROM "ar_internal_metadata" WHERE "ar_internal_metadata"."key" = $1 LIMIT $2[0m  [["key", "environment"], ["LIMIT", 1]]
  [1m[36mTRANSACTION (0.1ms)[0m  [1m[35mBEGIN[0m
  [1m[36mActiveRecord::InternalMetadata Create (0.4ms)[0m  [1m[32mINSERT INTO "ar_internal_metadata" ("key", "value", "created_at", "updated_at") VALUES ($1, $2, $3, $4) RETURNING "key"[0m  [["key", "environment"], ["value", "development"], ["created_at", "2021-10-04 05:24:44.638535"], ["updated_at", "2021-10-04 05:24:44.638535"]]
  [1m[36mTRANSACTION (12.3ms)[0m  [1m[35mCOMMIT[0m
  [1m[35m (0.2ms)[0m  [1m[34mSELECT pg_advisory_unlock(7539577769960568570)[0m
  [1m[35m (0.5ms)[0m  [1m[34mSELECT "schema_migrations"."version" FROM "schema_migrations" ORDER BY "schema_migrations"."version" ASC[0m
  [1m[36mTeacher Load (0.4ms)[0m  [1m[34mSELECT "teachers".* FROM "teachers" /* loading for inspect */ LIMIT $1[0m  [["LIMIT", 11]]
  [1m[36mStudent Load (1.1ms)[0m  [1m[34mSELECT "students".* FROM "students" /* loading for inspect */ LIMIT $1[0m  [["LIMIT", 11]]
  [1m[36mLanguage Load (1.2ms)[0m  [1m[34mSELECT "languages".* FROM "languages" /* loading for inspect */ LIMIT $1[0m  [["LIMIT", 11]]
  [1m[35m (0.4ms)[0m  [1m[34mSELECT "schema_migrations"."version" FROM "schema_migrations" ORDER BY "schema_migrations"."version" ASC[0m
  [1m[36mTRANSACTION (0.2ms)[0m  [1m[35mBEGIN[0m
  [1m[36mTeacher Create (0.5ms)[0m  [1m[32mINSERT INTO "teachers" ("name", "email", "birth", "created_at", "updated_at") VALUES ($1, $2, $3, $4, $5) RETURNING "id"[0m  [["name", "Professor 1"], ["email", "prof_1@mail.com"], ["birth", "1999-01-01"], ["created_at", "2021-10-04 05:25:39.469630"], ["updated_at", "2021-10-04 05:25:39.469630"]]
  [1m[36mTRANSACTION (26.5ms)[0m  [1m[35mCOMMIT[0m
  [1m[36mTRANSACTION (0.4ms)[0m  [1m[35mBEGIN[0m
  [1m[36mTeacher Create (0.8ms)[0m  [1m[32mINSERT INTO "teachers" ("name", "email", "birth", "created_at", "updated_at") VALUES ($1, $2, $3, $4, $5) RETURNING "id"[0m  [["name", "Professor 2"], ["email", "prof_2@mail.com"], ["birth", "1999-01-02"], ["created_at", "2021-10-04 05:25:39.510089"], ["updated_at", "2021-10-04 05:25:39.510089"]]
  [1m[36mTRANSACTION (10.5ms)[0m  [1m[35mCOMMIT[0m
  [1m[36mTRANSACTION (0.2ms)[0m  [1m[35mBEGIN[0m
  [1m[36mTeacher Load (0.3ms)[0m  [1m[34mSELECT "teachers".* FROM "teachers" WHERE "teachers"."id" = $1 LIMIT $2[0m  [["id", 1], ["LIMIT", 1]]
  [1m[36mLanguage Create (0.8ms)[0m  [1m[32mINSERT INTO "languages" ("name", "teacher_id", "created_at", "updated_at") VALUES ($1, $2, $3, $4) RETURNING "id"[0m  [["name", "ruby"], ["teacher_id", 1], ["created_at", "2021-10-04 05:25:39.556731"], ["updated_at", "2021-10-04 05:25:39.556731"]]
  [1m[36mTRANSACTION (12.8ms)[0m  [1m[35mCOMMIT[0m
  [1m[36mTRANSACTION (0.1ms)[0m  [1m[35mBEGIN[0m
  [1m[36mTeacher Load (0.2ms)[0m  [1m[34mSELECT "teachers".* FROM "teachers" WHERE "teachers"."id" = $1 LIMIT $2[0m  [["id", 2], ["LIMIT", 1]]
  [1m[36mLanguage Create (0.3ms)[0m  [1m[32mINSERT INTO "languages" ("name", "teacher_id", "created_at", "updated_at") VALUES ($1, $2, $3, $4) RETURNING "id"[0m  [["name", "c"], ["teacher_id", 2], ["created_at", "2021-10-04 05:25:39.574898"], ["updated_at", "2021-10-04 05:25:39.574898"]]
  [1m[36mTRANSACTION (7.1ms)[0m  [1m[35mCOMMIT[0m
  [1m[36mTRANSACTION (0.1ms)[0m  [1m[35mBEGIN[0m
  [1m[36mTeacher Load (0.2ms)[0m  [1m[34mSELECT "teachers".* FROM "teachers" WHERE "teachers"."id" = $1 LIMIT $2[0m  [["id", 1], ["LIMIT", 1]]
  [1m[36mStudent Exists? (0.4ms)[0m  [1m[34mSELECT 1 AS one FROM "students" WHERE "students"."registration" = $1 LIMIT $2[0m  [["registration", "100000001"], ["LIMIT", 1]]
  [1m[36mStudent Create (0.4ms)[0m  [1m[32mINSERT INTO "students" ("name", "registration", "email", "birth", "teacher_id", "created_at", "updated_at") VALUES ($1, $2, $3, $4, $5, $6, $7) RETURNING "id"[0m  [["name", "Aluno 1"], ["registration", "100000001"], ["email", "aluno_1@mail.com"], ["birth", "2005-01-01"], ["teacher_id", 1], ["created_at", "2021-10-04 05:25:39.594857"], ["updated_at", "2021-10-04 05:25:39.594857"]]
  [1m[36mTRANSACTION (9.0ms)[0m  [1m[35mCOMMIT[0m
  [1m[36mTRANSACTION (0.2ms)[0m  [1m[35mBEGIN[0m
  [1m[36mTeacher Load (0.4ms)[0m  [1m[34mSELECT "teachers".* FROM "teachers" WHERE "teachers"."id" = $1 LIMIT $2[0m  [["id", 1], ["LIMIT", 1]]
  [1m[36mStudent Exists? (0.3ms)[0m  [1m[34mSELECT 1 AS one FROM "students" WHERE "students"."registration" = $1 LIMIT $2[0m  [["registration", "100000002"], ["LIMIT", 1]]
  [1m[36mStudent Create (0.5ms)[0m  [1m[32mINSERT INTO "students" ("name", "registration", "email", "birth", "teacher_id", "created_at", "updated_at") VALUES ($1, $2, $3, $4, $5, $6, $7) RETURNING "id"[0m  [["name", "Aluno 2"], ["registration", "100000002"], ["email", "aluno_2@mail.com"], ["birth", "2005-01-02"], ["teacher_id", 1], ["created_at", "2021-10-04 05:25:39.615020"], ["updated_at", "2021-10-04 05:25:39.615020"]]
  [1m[36mTRANSACTION (9.9ms)[0m  [1m[35mCOMMIT[0m
  [1m[36mTRANSACTION (0.1ms)[0m  [1m[35mBEGIN[0m
  [1m[36mTeacher Load (0.2ms)[0m  [1m[34mSELECT "teachers".* FROM "teachers" WHERE "teachers"."id" = $1 LIMIT $2[0m  [["id", 1], ["LIMIT", 1]]
  [1m[36mStudent Exists? (0.2ms)[0m  [1m[34mSELECT 1 AS one FROM "students" WHERE "students"."registration" = $1 LIMIT $2[0m  [["registration", "100000003"], ["LIMIT", 1]]
  [1m[36mStudent Create (0.3ms)[0m  [1m[32mINSERT INTO "students" ("name", "registration", "email", "birth", "teacher_id", "created_at", "updated_at") VALUES ($1, $2, $3, $4, $5, $6, $7) RETURNING "id"[0m  [["name", "Aluno 3"], ["registration", "100000003"], ["email", "aluno_3@mail.com"], ["birth", "2005-01-03"], ["teacher_id", 1], ["created_at", "2021-10-04 05:25:39.632500"], ["updated_at", "2021-10-04 05:25:39.632500"]]
  [1m[36mTRANSACTION (4.3ms)[0m  [1m[35mCOMMIT[0m
  [1m[36mTRANSACTION (0.1ms)[0m  [1m[35mBEGIN[0m
  [1m[36mTeacher Load (0.2ms)[0m  [1m[34mSELECT "teachers".* FROM "teachers" WHERE "teachers"."id" = $1 LIMIT $2[0m  [["id", 2], ["LIMIT", 1]]
  [1m[36mStudent Exists? (0.2ms)[0m  [1m[34mSELECT 1 AS one FROM "students" WHERE "students"."registration" = $1 LIMIT $2[0m  [["registration", "100000004"], ["LIMIT", 1]]
  [1m[36mStudent Create (0.3ms)[0m  [1m[32mINSERT INTO "students" ("name", "registration", "email", "birth", "teacher_id", "created_at", "updated_at") VALUES ($1, $2, $3, $4, $5, $6, $7) RETURNING "id"[0m  [["name", "Aluno 4"], ["registration", "100000004"], ["email", "aluno_4@mail.com"], ["birth", "2005-01-04"], ["teacher_id", 2], ["created_at", "2021-10-04 05:25:39.643297"], ["updated_at", "2021-10-04 05:25:39.643297"]]
  [1m[36mTRANSACTION (4.9ms)[0m  [1m[35mCOMMIT[0m
  [1m[36mTRANSACTION (0.3ms)[0m  [1m[35mBEGIN[0m
  [1m[36mTeacher Load (0.3ms)[0m  [1m[34mSELECT "teachers".* FROM "teachers" WHERE "teachers"."id" = $1 LIMIT $2[0m  [["id", 2], ["LIMIT", 1]]
  [1m[36mStudent Exists? (0.5ms)[0m  [1m[34mSELECT 1 AS one FROM "students" WHERE "students"."registration" = $1 LIMIT $2[0m  [["registration", "100000005"], ["LIMIT", 1]]
  [1m[36mStudent Create (0.5ms)[0m  [1m[32mINSERT INTO "students" ("name", "registration", "email", "birth", "teacher_id", "created_at", "updated_at") VALUES ($1, $2, $3, $4, $5, $6, $7) RETURNING "id"[0m  [["name", "Aluno 5"], ["registration", "100000005"], ["email", "aluno_5@mail.com"], ["birth", "2005-01-05"], ["teacher_id", 2], ["created_at", "2021-10-04 05:25:39.663259"], ["updated_at", "2021-10-04 05:25:39.663259"]]
  [1m[36mTRANSACTION (6.0ms)[0m  [1m[35mCOMMIT[0m
  [1m[36mTeacher Load (0.2ms)[0m  [1m[34mSELECT "teachers".* FROM "teachers" /* loading for inspect */ LIMIT $1[0m  [["LIMIT", 11]]
  [1m[36mStudent Load (1.2ms)[0m  [1m[34mSELECT "students".* FROM "students" /* loading for inspect */ LIMIT $1[0m  [["LIMIT", 11]]
  [1m[36mLanguage Load (0.3ms)[0m  [1m[34mSELECT "languages".* FROM "languages" /* loading for inspect */ LIMIT $1[0m  [["LIMIT", 11]]
  [1m[36mTeacher Load (0.9ms)[0m  [1m[34mSELECT "teachers".* FROM "teachers" ORDER BY "teachers"."id" ASC LIMIT $1[0m  [["LIMIT", 1]]
  [1m[36mTRANSACTION (0.3ms)[0m  [1m[35mBEGIN[0m
  [1m[36mStudent Load (0.8ms)[0m  [1m[34mSELECT "students".* FROM "students" WHERE "students"."teacher_id" = $1[0m  [["teacher_id", 1]]
  [1m[36mStudent Destroy (1.2ms)[0m  [1m[31mDELETE FROM "students" WHERE "students"."id" = $1[0m  [["id", 1]]
  [1m[36mStudent Destroy (1.1ms)[0m  [1m[31mDELETE FROM "students" WHERE "students"."id" = $1[0m  [["id", 2]]
  [1m[36mStudent Destroy (0.8ms)[0m  [1m[31mDELETE FROM "students" WHERE "students"."id" = $1[0m  [["id", 3]]
  [1m[36mLanguage Load (0.8ms)[0m  [1m[34mSELECT "languages".* FROM "languages" WHERE "languages"."teacher_id" = $1 LIMIT $2[0m  [["teacher_id", 1], ["LIMIT", 1]]
  [1m[36mLanguage Destroy (1.4ms)[0m  [1m[31mDELETE FROM "languages" WHERE "languages"."id" = $1[0m  [["id", 1]]
  [1m[36mTeacher Destroy (2.5ms)[0m  [1m[31mDELETE FROM "teachers" WHERE "teachers"."id" = $1[0m  [["id", 1]]
  [1m[36mTRANSACTION (9.6ms)[0m  [1m[35mCOMMIT[0m
  [1m[36mTeacher Load (0.9ms)[0m  [1m[34mSELECT "teachers".* FROM "teachers" /* loading for inspect */ LIMIT $1[0m  [["LIMIT", 11]]
  [1m[36mStudent Load (0.8ms)[0m  [1m[34mSELECT "students".* FROM "students" /* loading for inspect */ LIMIT $1[0m  [["LIMIT", 11]]
  [1m[36mTeacher Load (0.8ms)[0m  [1m[34mSELECT "teachers".* FROM "teachers" ORDER BY "teachers"."id" ASC LIMIT $1[0m  [["LIMIT", 1]]
  [1m[36mTeacher Load (0.8ms)[0m  [1m[34mSELECT "teachers".* FROM "teachers" ORDER BY "teachers"."id" ASC LIMIT $1[0m  [["LIMIT", 1]]
  [1m[36mTRANSACTION (0.4ms)[0m  [1m[35mBEGIN[0m
  [1m[36mStudent Load (0.8ms)[0m  [1m[34mSELECT "students".* FROM "students" WHERE "students"."teacher_id" = $1[0m  [["teacher_id", 2]]
  [1m[36mStudent Destroy (0.8ms)[0m  [1m[31mDELETE FROM "students" WHERE "students"."id" = $1[0m  [["id", 4]]
  [1m[36mStudent Destroy (1.1ms)[0m  [1m[31mDELETE FROM "students" WHERE "students"."id" = $1[0m  [["id", 5]]
  [1m[36mLanguage Load (0.6ms)[0m  [1m[34mSELECT "languages".* FROM "languages" WHERE "languages"."teacher_id" = $1 LIMIT $2[0m  [["teacher_id", 2], ["LIMIT", 1]]
  [1m[36mLanguage Destroy (0.8ms)[0m  [1m[31mDELETE FROM "languages" WHERE "languages"."id" = $1[0m  [["id", 2]]
  [1m[36mTeacher Destroy (1.7ms)[0m  [1m[31mDELETE FROM "teachers" WHERE "teachers"."id" = $1[0m  [["id", 2]]
  [1m[36mTRANSACTION (15.6ms)[0m  [1m[35mCOMMIT[0m
  [1m[36mStudent Load (0.8ms)[0m  [1m[34mSELECT "students".* FROM "students" /* loading for inspect */ LIMIT $1[0m  [["LIMIT", 11]]
  [1m[35m (0.4ms)[0m  [1m[34mSELECT "schema_migrations"."version" FROM "schema_migrations" ORDER BY "schema_migrations"."version" ASC[0m
  [1m[35m (0.2ms)[0m  [1m[34mSELECT "ar_internal_metadata"."value" FROM "ar_internal_metadata" WHERE "ar_internal_metadata"."key" = $1[0m  [["key", "environment"]]
  [1m[35m (0.2ms)[0m  [1m[34mSELECT "schema_migrations"."version" FROM "schema_migrations" ORDER BY "schema_migrations"."version" ASC[0m
  [1m[35m (0.2ms)[0m  [1m[34mSELECT "ar_internal_metadata"."value" FROM "ar_internal_metadata" WHERE "ar_internal_metadata"."key" = $1[0m  [["key", "environment"]]
  [1m[35m (0.1ms)[0m  [1m[34mSELECT "schema_migrations"."version" FROM "schema_migrations" ORDER BY "schema_migrations"."version" ASC[0m
  [1m[35m (0.2ms)[0m  [1m[34mSELECT "ar_internal_metadata"."value" FROM "ar_internal_metadata" WHERE "ar_internal_metadata"."key" = $1[0m  [["key", "environment"]]
  [1m[35m (238.3ms)[0m  [1m[35mDROP DATABASE IF EXISTS "lista_4_development"[0m
  [1m[35m (218.0ms)[0m  [1m[35mDROP DATABASE IF EXISTS "lista_4_test"[0m
  [1m[35m (630.3ms)[0m  [1m[35mCREATE DATABASE "lista_4_development" ENCODING = 'unicode'[0m
  [1m[35m (698.3ms)[0m  [1m[35mCREATE DATABASE "lista_4_test" ENCODING = 'unicode'[0m
  [1m[35m (101.8ms)[0m  [1m[35mCREATE TABLE "schema_migrations" ("version" character varying NOT NULL PRIMARY KEY)[0m
  [1m[35m (60.9ms)[0m  [1m[35mCREATE TABLE "ar_internal_metadata" ("key" character varying NOT NULL PRIMARY KEY, "value" character varying, "created_at" timestamp(6) NOT NULL, "updated_at" timestamp(6) NOT NULL)[0m
  [1m[35m (0.6ms)[0m  [1m[34mSELECT pg_try_advisory_lock(7539577769960568570)[0m
  [1m[35m (0.7ms)[0m  [1m[34mSELECT "schema_migrations"."version" FROM "schema_migrations" ORDER BY "schema_migrations"."version" ASC[0m
Migrating to CreateTeachers (20211003212736)
  [1m[36mTRANSACTION (0.2ms)[0m  [1m[35mBEGIN[0m
  [1m[35m (76.1ms)[0m  [1m[35mCREATE TABLE "teachers" ("id" bigserial primary key, "name" character varying, "email" character varying, "birth" date, "created_at" timestamp(6) NOT NULL, "updated_at" timestamp(6) NOT NULL)[0m
  [1m[36mActiveRecord::SchemaMigration Create (0.4ms)[0m  [1m[32mINSERT INTO "schema_migrations" ("version") VALUES ($1) RETURNING "version"[0m  [["version", "20211003212736"]]
  [1m[36mTRANSACTION (13.1ms)[0m  [1m[35mCOMMIT[0m
Migrating to CreateLanguages (20211003213513)
  [1m[36mTRANSACTION (0.1ms)[0m  [1m[35mBEGIN[0m
  [1m[35m (67.8ms)[0m  [1m[35mCREATE TABLE "languages" ("id" bigserial primary key, "name" character varying, "teacher_id" bigint NOT NULL, "created_at" timestamp(6) NOT NULL, "updated_at" timestamp(6) NOT NULL, CONSTRAINT "fk_rails_599022f015"
FOREIGN KEY ("teacher_id")
  REFERENCES "teachers" ("id")
)[0m
  [1m[35m (32.4ms)[0m  [1m[35mCREATE INDEX "index_languages_on_teacher_id" ON "languages" ("teacher_id")[0m
  [1m[36mActiveRecord::SchemaMigration Create (0.3ms)[0m  [1m[32mINSERT INTO "schema_migrations" ("version") VALUES ($1) RETURNING "version"[0m  [["version", "20211003213513"]]
  [1m[36mTRANSACTION (15.8ms)[0m  [1m[35mCOMMIT[0m
Migrating to CreateStudents (20211003213759)
  [1m[36mTRANSACTION (0.1ms)[0m  [1m[35mBEGIN[0m
  [1m[35m (86.9ms)[0m  [1m[35mCREATE TABLE "students" ("id" bigserial primary key, "name" character varying, "registration" character varying, "email" character varying, "birth" date, "teacher_id" bigint NOT NULL, "created_at" timestamp(6) NOT NULL, "updated_at" timestamp(6) NOT NULL, CONSTRAINT "fk_rails_2866dd1cd9"
FOREIGN KEY ("teacher_id")
  REFERENCES "teachers" ("id")
)[0m
  [1m[35m (38.0ms)[0m  [1m[35mCREATE INDEX "index_students_on_teacher_id" ON "students" ("teacher_id")[0m
  [1m[36mActiveRecord::SchemaMigration Create (0.3ms)[0m  [1m[32mINSERT INTO "schema_migrations" ("version") VALUES ($1) RETURNING "version"[0m  [["version", "20211003213759"]]
  [1m[36mTRANSACTION (13.1ms)[0m  [1m[35mCOMMIT[0m
  [1m[36mActiveRecord::InternalMetadata Load (0.3ms)[0m  [1m[34mSELECT "ar_internal_metadata".* FROM "ar_internal_metadata" WHERE "ar_internal_metadata"."key" = $1 LIMIT $2[0m  [["key", "environment"], ["LIMIT", 1]]
  [1m[36mTRANSACTION (0.3ms)[0m  [1m[35mBEGIN[0m
  [1m[36mActiveRecord::InternalMetadata Create (0.3ms)[0m  [1m[32mINSERT INTO "ar_internal_metadata" ("key", "value", "created_at", "updated_at") VALUES ($1, $2, $3, $4) RETURNING "key"[0m  [["key", "environment"], ["value", "development"], ["created_at", "2021-10-04 05:31:40.587382"], ["updated_at", "2021-10-04 05:31:40.587382"]]
  [1m[36mTRANSACTION (9.9ms)[0m  [1m[35mCOMMIT[0m
  [1m[35m (0.3ms)[0m  [1m[34mSELECT pg_advisory_unlock(7539577769960568570)[0m
  [1m[35m (0.5ms)[0m  [1m[34mSELECT "schema_migrations"."version" FROM "schema_migrations" ORDER BY "schema_migrations"."version" ASC[0m
  [1m[35m (0.4ms)[0m  [1m[34mSELECT "schema_migrations"."version" FROM "schema_migrations" ORDER BY "schema_migrations"."version" ASC[0m
  [1m[36mTRANSACTION (0.1ms)[0m  [1m[35mBEGIN[0m
  [1m[36mTeacher Create (0.5ms)[0m  [1m[32mINSERT INTO "teachers" ("name", "email", "birth", "created_at", "updated_at") VALUES ($1, $2, $3, $4, $5) RETURNING "id"[0m  [["name", "Professor 1"], ["email", "prof_1@mail.com"], ["birth", "1999-01-01"], ["created_at", "2021-10-04 05:31:51.103274"], ["updated_at", "2021-10-04 05:31:51.103274"]]
  [1m[36mTRANSACTION (24.2ms)[0m  [1m[35mCOMMIT[0m
  [1m[36mTRANSACTION (0.1ms)[0m  [1m[35mBEGIN[0m
  [1m[36mTeacher Create (0.2ms)[0m  [1m[32mINSERT INTO "teachers" ("name", "email", "birth", "created_at", "updated_at") VALUES ($1, $2, $3, $4, $5) RETURNING "id"[0m  [["name", "Professor 2"], ["email", "prof_2@mail.com"], ["birth", "1999-01-02"], ["created_at", "2021-10-04 05:31:51.137415"], ["updated_at", "2021-10-04 05:31:51.137415"]]
  [1m[36mTRANSACTION (12.8ms)[0m  [1m[35mCOMMIT[0m
  [1m[36mTRANSACTION (0.1ms)[0m  [1m[35mBEGIN[0m
  [1m[36mTeacher Load (0.2ms)[0m  [1m[34mSELECT "teachers".* FROM "teachers" WHERE "teachers"."id" = $1 LIMIT $2[0m  [["id", 1], ["LIMIT", 1]]
  [1m[36mLanguage Create (0.5ms)[0m  [1m[32mINSERT INTO "languages" ("name", "teacher_id", "created_at", "updated_at") VALUES ($1, $2, $3, $4) RETURNING "id"[0m  [["name", "ruby"], ["teacher_id", 1], ["created_at", "2021-10-04 05:31:51.162684"], ["updated_at", "2021-10-04 05:31:51.162684"]]
  [1m[36mTRANSACTION (10.3ms)[0m  [1m[35mCOMMIT[0m
  [1m[36mTRANSACTION (0.2ms)[0m  [1m[35mBEGIN[0m
  [1m[36mTeacher Load (0.2ms)[0m  [1m[34mSELECT "teachers".* FROM "teachers" WHERE "teachers"."id" = $1 LIMIT $2[0m  [["id", 2], ["LIMIT", 1]]
  [1m[36mLanguage Create (0.3ms)[0m  [1m[32mINSERT INTO "languages" ("name", "teacher_id", "created_at", "updated_at") VALUES ($1, $2, $3, $4) RETURNING "id"[0m  [["name", "c"], ["teacher_id", 2], ["created_at", "2021-10-04 05:31:51.177460"], ["updated_at", "2021-10-04 05:31:51.177460"]]
  [1m[36mTRANSACTION (6.8ms)[0m  [1m[35mCOMMIT[0m
  [1m[36mTRANSACTION (0.3ms)[0m  [1m[35mBEGIN[0m
  [1m[36mTeacher Load (0.3ms)[0m  [1m[34mSELECT "teachers".* FROM "teachers" WHERE "teachers"."id" = $1 LIMIT $2[0m  [["id", 1], ["LIMIT", 1]]
  [1m[36mStudent Exists? (1.0ms)[0m  [1m[34mSELECT 1 AS one FROM "students" WHERE "students"."registration" = $1 LIMIT $2[0m  [["registration", "100000001"], ["LIMIT", 1]]
  [1m[36mStudent Create (0.8ms)[0m  [1m[32mINSERT INTO "students" ("name", "registration", "email", "birth", "teacher_id", "created_at", "updated_at") VALUES ($1, $2, $3, $4, $5, $6, $7) RETURNING "id"[0m  [["name", "Aluno 1"], ["registration", "100000001"], ["email", "aluno_1@mail.com"], ["birth", "2005-01-01"], ["teacher_id", 1], ["created_at", "2021-10-04 05:31:51.221565"], ["updated_at", "2021-10-04 05:31:51.221565"]]
  [1m[36mTRANSACTION (5.4ms)[0m  [1m[35mCOMMIT[0m
  [1m[36mTRANSACTION (0.2ms)[0m  [1m[35mBEGIN[0m
  [1m[36mTeacher Load (0.3ms)[0m  [1m[34mSELECT "teachers".* FROM "teachers" WHERE "teachers"."id" = $1 LIMIT $2[0m  [["id", 1], ["LIMIT", 1]]
  [1m[36mStudent Exists? (0.4ms)[0m  [1m[34mSELECT 1 AS one FROM "students" WHERE "students"."registration" = $1 LIMIT $2[0m  [["registration", "100000002"], ["LIMIT", 1]]
  [1m[36mStudent Create (0.4ms)[0m  [1m[32mINSERT INTO "students" ("name", "registration", "email", "birth", "teacher_id", "created_at", "updated_at") VALUES ($1, $2, $3, $4, $5, $6, $7) RETURNING "id"[0m  [["name", "Aluno 2"], ["registration", "100000002"], ["email", "aluno_2@mail.com"], ["birth", "2005-01-02"], ["teacher_id", 1], ["created_at", "2021-10-04 05:31:51.235878"], ["updated_at", "2021-10-04 05:31:51.235878"]]
  [1m[36mTRANSACTION (3.0ms)[0m  [1m[35mCOMMIT[0m
  [1m[36mTRANSACTION (0.4ms)[0m  [1m[35mBEGIN[0m
  [1m[36mTeacher Load (0.4ms)[0m  [1m[34mSELECT "teachers".* FROM "teachers" WHERE "teachers"."id" = $1 LIMIT $2[0m  [["id", 1], ["LIMIT", 1]]
  [1m[36mStudent Exists? (0.4ms)[0m  [1m[34mSELECT 1 AS one FROM "students" WHERE "students"."registration" = $1 LIMIT $2[0m  [["registration", "100000003"], ["LIMIT", 1]]
  [1m[36mStudent Create (0.6ms)[0m  [1m[32mINSERT INTO "students" ("name", "registration", "email", "birth", "teacher_id", "created_at", "updated_at") VALUES ($1, $2, $3, $4, $5, $6, $7) RETURNING "id"[0m  [["name", "Aluno 3"], ["registration", "100000003"], ["email", "aluno_3@mail.com"], ["birth", "2005-01-03"], ["teacher_id", 1], ["created_at", "2021-10-04 05:31:51.252844"], ["updated_at", "2021-10-04 05:31:51.252844"]]
  [1m[36mTRANSACTION (7.5ms)[0m  [1m[35mCOMMIT[0m
  [1m[36mTRANSACTION (0.1ms)[0m  [1m[35mBEGIN[0m
  [1m[36mTeacher Load (0.3ms)[0m  [1m[34mSELECT "teachers".* FROM "teachers" WHERE "teachers"."id" = $1 LIMIT $2[0m  [["id", 2], ["LIMIT", 1]]
  [1m[36mStudent Exists? (0.3ms)[0m  [1m[34mSELECT 1 AS one FROM "students" WHERE "students"."registration" = $1 LIMIT $2[0m  [["registration", "100000004"], ["LIMIT", 1]]
  [1m[36mStudent Create (0.4ms)[0m  [1m[32mINSERT INTO "students" ("name", "registration", "email", "birth", "teacher_id", "created_at", "updated_at") VALUES ($1, $2, $3, $4, $5, $6, $7) RETURNING "id"[0m  [["name", "Aluno 4"], ["registration", "100000004"], ["email", "aluno_4@mail.com"], ["birth", "2005-01-04"], ["teacher_id", 2], ["created_at", "2021-10-04 05:31:51.269643"], ["updated_at", "2021-10-04 05:31:51.269643"]]
  [1m[36mTRANSACTION (13.7ms)[0m  [1m[35mCOMMIT[0m
  [1m[36mTRANSACTION (0.1ms)[0m  [1m[35mBEGIN[0m
  [1m[36mTeacher Load (0.2ms)[0m  [1m[34mSELECT "teachers".* FROM "teachers" WHERE "teachers"."id" = $1 LIMIT $2[0m  [["id", 2], ["LIMIT", 1]]
  [1m[36mStudent Exists? (0.3ms)[0m  [1m[34mSELECT 1 AS one FROM "students" WHERE "students"."registration" = $1 LIMIT $2[0m  [["registration", "100000005"], ["LIMIT", 1]]
  [1m[36mStudent Create (0.4ms)[0m  [1m[32mINSERT INTO "students" ("name", "registration", "email", "birth", "teacher_id", "created_at", "updated_at") VALUES ($1, $2, $3, $4, $5, $6, $7) RETURNING "id"[0m  [["name", "Aluno 5"], ["registration", "100000005"], ["email", "aluno_5@mail.com"], ["birth", "2005-01-05"], ["teacher_id", 2], ["created_at", "2021-10-04 05:31:51.290410"], ["updated_at", "2021-10-04 05:31:51.290410"]]
  [1m[36mTRANSACTION (4.0ms)[0m  [1m[35mCOMMIT[0m
  [1m[36mTeacher Load (0.4ms)[0m  [1m[34mSELECT "teachers".* FROM "teachers" /* loading for inspect */ LIMIT $1[0m  [["LIMIT", 11]]
Started GET "/api/v1/teachers/show/2" for ::1 at 2021-10-04 02:32:58 -0300
  [1m[35m (0.5ms)[0m  [1m[34mSELECT "schema_migrations"."version" FROM "schema_migrations" ORDER BY "schema_migrations"."version" ASC[0m
Processing by Api::V1::TeachersController#show as */*
  Parameters: {"id"=>"2"}
  [1m[36mTeacher Load (0.3ms)[0m  [1m[34mSELECT "teachers".* FROM "teachers" WHERE "teachers"."id" = $1 LIMIT $2[0m  [["id", 2], ["LIMIT", 1]]
  ↳ app/controllers/api/v1/teachers_controller.rb:8:in `show'
Completed 200 OK in 25ms (Views: 0.4ms | ActiveRecord: 4.0ms | Allocations: 7941)


Started GET "/api/v1/teachers/index" for ::1 at 2021-10-04 02:33:09 -0300
Processing by Api::V1::TeachersController#index as */*
  [1m[36mTeacher Load (0.4ms)[0m  [1m[34mSELECT "teachers".* FROM "teachers"[0m
  ↳ app/controllers/api/v1/teachers_controller.rb:4:in `index'
Completed 200 OK in 6ms (Views: 5.0ms | ActiveRecord: 0.4ms | Allocations: 846)


Started POST "/api/v1/teachers/create" for ::1 at 2021-10-04 03:06:22 -0300
  [1m[35m (1.4ms)[0m  [1m[34mSELECT "schema_migrations"."version" FROM "schema_migrations" ORDER BY "schema_migrations"."version" ASC[0m
Processing by Api::V1::TeachersController#create as */*
  Parameters: {"name"=>"adriano", "email"=>"adriano@mail.com", "birth"=>"1999-02-02", "teacher"=>{"name"=>"adriano", "email"=>"adriano@mail.com", "birth"=>"1999-02-02"}}
  [1m[36mTRANSACTION (0.7ms)[0m  [1m[35mBEGIN[0m
  ↳ app/controllers/api/v1/teachers_controller.rb:16:in `create'
  [1m[36mTeacher Create (2.6ms)[0m  [1m[32mINSERT INTO "teachers" ("name", "email", "birth", "created_at", "updated_at") VALUES ($1, $2, $3, $4, $5) RETURNING "id"[0m  [["name", "adriano"], ["email", "adriano@mail.com"], ["birth", "1999-02-02"], ["created_at", "2021-10-04 06:06:22.836392"], ["updated_at", "2021-10-04 06:06:22.836392"]]
  ↳ app/controllers/api/v1/teachers_controller.rb:16:in `create'
  [1m[36mTRANSACTION (15.9ms)[0m  [1m[35mCOMMIT[0m
  ↳ app/controllers/api/v1/teachers_controller.rb:16:in `create'
Completed 201 Created in 44ms (Views: 0.5ms | ActiveRecord: 23.1ms | Allocations: 7421)


  [1m[36mTeacher Load (0.3ms)[0m  [1m[34mSELECT "teachers".* FROM "teachers" /* loading for inspect */ LIMIT $1[0m  [["LIMIT", 11]]
Started PATCH "/api/v1/teachers/update/3" for ::1 at 2021-10-04 03:35:06 -0300
  [1m[35m (0.8ms)[0m  [1m[34mSELECT "schema_migrations"."version" FROM "schema_migrations" ORDER BY "schema_migrations"."version" ASC[0m
  
ActionController::RoutingError (No route matches [PATCH] "/api/v1/teachers/update/3"):
  
Started PATCH "/api/v1/teachers/update/2" for ::1 at 2021-10-04 03:37:05 -0300
  
ActionController::RoutingError (No route matches [PATCH] "/api/v1/teachers/update/2"):
  
Started PATCH "/api/v1/teachers/update/3" for ::1 at 2021-10-04 03:37:11 -0300
  
ActionController::RoutingError (No route matches [PATCH] "/api/v1/teachers/update/3"):
  
Started PATCH "/api/v1/teachers/update/3" for ::1 at 2021-10-04 03:37:48 -0300
  [1m[35m (1.0ms)[0m  [1m[34mSELECT "schema_migrations"."version" FROM "schema_migrations" ORDER BY "schema_migrations"."version" ASC[0m
Processing by Api::V1::TeachersController#update as */*
  Parameters: {"name"=>"adriano campos", "id"=>"3", "teacher"=>{"name"=>"adriano campos"}}
  [1m[36mTeacher Load (0.4ms)[0m  [1m[34mSELECT "teachers".* FROM "teachers" WHERE "teachers"."id" = $1 LIMIT $2[0m  [["id", 3], ["LIMIT", 1]]
  ↳ app/controllers/api/v1/teachers_controller.rb:24:in `update'
  [1m[36mTRANSACTION (0.1ms)[0m  [1m[35mBEGIN[0m
  ↳ app/controllers/api/v1/teachers_controller.rb:25:in `update'
  [1m[36mTeacher Update (0.5ms)[0m  [1m[33mUPDATE "teachers" SET "name" = $1, "updated_at" = $2 WHERE "teachers"."id" = $3[0m  [["name", "adriano campos"], ["updated_at", "2021-10-04 06:37:48.511999"], ["id", 3]]
  ↳ app/controllers/api/v1/teachers_controller.rb:25:in `update'
  [1m[36mTRANSACTION (11.6ms)[0m  [1m[35mCOMMIT[0m
  ↳ app/controllers/api/v1/teachers_controller.rb:25:in `update'
Completed 200 OK in 39ms (Views: 0.5ms | ActiveRecord: 17.2ms | Allocations: 8266)


  [1m[36mTeacher Load (0.2ms)[0m  [1m[34mSELECT "teachers".* FROM "teachers" /* loading for inspect */ LIMIT $1[0m  [["LIMIT", 11]]
Started DELETE "/api/v1/teachers/delete/3" for ::1 at 2021-10-04 03:55:11 -0300
  [1m[35m (0.9ms)[0m  [1m[34mSELECT "schema_migrations"."version" FROM "schema_migrations" ORDER BY "schema_migrations"."version" ASC[0m
Processing by Api::V1::TeachersController#delete as */*
  Parameters: {"id"=>"3", "teacher"=>{}}
  [1m[36mTeacher Load (0.5ms)[0m  [1m[34mSELECT "teachers".* FROM "teachers" WHERE "teachers"."id" = $1 LIMIT $2[0m  [["id", 3], ["LIMIT", 1]]
  ↳ app/controllers/api/v1/teachers_controller.rb:32:in `delete'
  [1m[36mTRANSACTION (0.2ms)[0m  [1m[35mBEGIN[0m
  ↳ app/controllers/api/v1/teachers_controller.rb:33:in `delete'
  [1m[36mStudent Load (0.8ms)[0m  [1m[34mSELECT "students".* FROM "students" WHERE "students"."teacher_id" = $1[0m  [["teacher_id", 3]]
  ↳ app/controllers/api/v1/teachers_controller.rb:33:in `delete'
  [1m[36mLanguage Load (0.3ms)[0m  [1m[34mSELECT "languages".* FROM "languages" WHERE "languages"."teacher_id" = $1 LIMIT $2[0m  [["teacher_id", 3], ["LIMIT", 1]]
  ↳ app/controllers/api/v1/teachers_controller.rb:33:in `delete'
  [1m[36mTeacher Destroy (0.7ms)[0m  [1m[31mDELETE FROM "teachers" WHERE "teachers"."id" = $1[0m  [["id", 3]]
  ↳ app/controllers/api/v1/teachers_controller.rb:33:in `delete'
  [1m[36mTRANSACTION (8.8ms)[0m  [1m[35mCOMMIT[0m
  ↳ app/controllers/api/v1/teachers_controller.rb:33:in `delete'
Completed 200 OK in 46ms (Views: 0.7ms | ActiveRecord: 17.8ms | Allocations: 13222)


  [1m[36mTeacher Load (0.2ms)[0m  [1m[34mSELECT "teachers".* FROM "teachers" /* loading for inspect */ LIMIT $1[0m  [["LIMIT", 11]]
Started GET "/api/v1/teachers/show/prof_1@mail.com" for ::1 at 2021-10-04 03:56:46 -0300
  [1m[35m (0.5ms)[0m  [1m[34mSELECT "schema_migrations"."version" FROM "schema_migrations" ORDER BY "schema_migrations"."version" ASC[0m
Processing by Api::V1::TeachersController#show as */*
  Parameters: {"id"=>"prof_1@mail"}
  [1m[36mTeacher Load (0.2ms)[0m  [1m[34mSELECT "teachers".* FROM "teachers" WHERE "teachers"."id" = $1 LIMIT $2[0m  [["id", nil], ["LIMIT", 1]]
  ↳ app/controllers/api/v1/teachers_controller.rb:8:in `show'
Completed 404 Not Found in 23ms (ActiveRecord: 4.9ms | Allocations: 6002)


Started GET "/api/v1/teachers/show/1" for ::1 at 2021-10-04 03:57:11 -0300
Processing by Api::V1::TeachersController#show as */*
  Parameters: {"id"=>"1"}
  [1m[36mTeacher Load (0.5ms)[0m  [1m[34mSELECT "teachers".* FROM "teachers" WHERE "teachers"."id" = $1 LIMIT $2[0m  [["id", 1], ["LIMIT", 1]]
  ↳ app/controllers/api/v1/teachers_controller.rb:8:in `show'
Completed 200 OK in 17ms (Views: 1.0ms | ActiveRecord: 0.5ms | Allocations: 3169)


Started GET "/api/v1/teachers/show/prof_2@mail.com" for ::1 at 2021-10-04 03:57:43 -0300
  [1m[35m (0.9ms)[0m  [1m[34mSELECT "schema_migrations"."version" FROM "schema_migrations" ORDER BY "schema_migrations"."version" ASC[0m
Processing by Api::V1::TeachersController#show as */*
  Parameters: {"id"=>"prof_2@mail"}
Completed 404 Not Found in 14ms (ActiveRecord: 2.7ms | Allocations: 4941)


Started GET "/api/v1/teachers/show/prof_2@mail.com" for ::1 at 2021-10-04 03:57:47 -0300
Processing by Api::V1::TeachersController#show as */*
  Parameters: {"id"=>"prof_2@mail"}
Completed 404 Not Found in 1ms (ActiveRecord: 0.0ms | Allocations: 98)


Started GET "/api/v1/teachers/show/1" for ::1 at 2021-10-04 03:57:52 -0300
Processing by Api::V1::TeachersController#show as */*
  Parameters: {"id"=>"1"}
Completed 404 Not Found in 1ms (ActiveRecord: 0.0ms | Allocations: 100)


Started GET "/api/v1/teachers/show/2" for ::1 at 2021-10-04 03:57:58 -0300
Processing by Api::V1::TeachersController#show as */*
  Parameters: {"id"=>"2"}
Completed 404 Not Found in 2ms (ActiveRecord: 0.0ms | Allocations: 100)


Started GET "/api/v1/teachers/show/Professor%201" for ::1 at 2021-10-04 03:58:56 -0300
  [1m[35m (0.7ms)[0m  [1m[34mSELECT "schema_migrations"."version" FROM "schema_migrations" ORDER BY "schema_migrations"."version" ASC[0m
Processing by Api::V1::TeachersController#show as */*
  Parameters: {"id"=>"Professor 1"}
Completed 404 Not Found in 13ms (ActiveRecord: 1.6ms | Allocations: 4206)


Started GET "/api/v1/teachers/show/1" for ::1 at 2021-10-04 03:59:22 -0300
  [1m[35m (1.0ms)[0m  [1m[34mSELECT "schema_migrations"."version" FROM "schema_migrations" ORDER BY "schema_migrations"."version" ASC[0m
Processing by Api::V1::TeachersController#show as */*
  Parameters: {"id"=>"1"}
  [1m[36mTeacher Load (0.6ms)[0m  [1m[34mSELECT "teachers".* FROM "teachers" WHERE "teachers"."id" = $1 LIMIT $2[0m  [["id", 1], ["LIMIT", 1]]
  ↳ app/controllers/api/v1/teachers_controller.rb:8:in `show'
Completed 200 OK in 32ms (Views: 1.7ms | ActiveRecord: 5.8ms | Allocations: 7938)


Started GET "/api/v1/teachers/show/2" for ::1 at 2021-10-04 03:59:26 -0300
Processing by Api::V1::TeachersController#show as */*
  Parameters: {"id"=>"2"}
  [1m[36mTeacher Load (0.4ms)[0m  [1m[34mSELECT "teachers".* FROM "teachers" WHERE "teachers"."id" = $1 LIMIT $2[0m  [["id", 2], ["LIMIT", 1]]
  ↳ app/controllers/api/v1/teachers_controller.rb:8:in `show'
Completed 200 OK in 4ms (Views: 0.7ms | ActiveRecord: 0.4ms | Allocations: 615)


Started POST "/api/v1/teachers/create" for ::1 at 2021-10-04 03:59:37 -0300
Processing by Api::V1::TeachersController#create as */*
  Parameters: {"name"=>"adriano", "email"=>"adriano@mail.com", "birth"=>"1999-02-02", "teacher"=>{"name"=>"adriano", "email"=>"adriano@mail.com", "birth"=>"1999-02-02"}}
  [1m[36mTRANSACTION (0.1ms)[0m  [1m[35mBEGIN[0m
  ↳ app/controllers/api/v1/teachers_controller.rb:16:in `create'
  [1m[36mTeacher Create (0.4ms)[0m  [1m[32mINSERT INTO "teachers" ("name", "email", "birth", "created_at", "updated_at") VALUES ($1, $2, $3, $4, $5) RETURNING "id"[0m  [["name", "adriano"], ["email", "adriano@mail.com"], ["birth", "1999-02-02"], ["created_at", "2021-10-04 06:59:37.606675"], ["updated_at", "2021-10-04 06:59:37.606675"]]
  ↳ app/controllers/api/v1/teachers_controller.rb:16:in `create'
  [1m[36mTRANSACTION (16.5ms)[0m  [1m[35mCOMMIT[0m
  ↳ app/controllers/api/v1/teachers_controller.rb:16:in `create'
Completed 201 Created in 24ms (Views: 0.4ms | ActiveRecord: 17.1ms | Allocations: 2208)


Started GET "/api/v1/teachers/show/adriano" for ::1 at 2021-10-04 04:04:18 -0300
  [1m[35m (1.0ms)[0m  [1m[34mSELECT "schema_migrations"."version" FROM "schema_migrations" ORDER BY "schema_migrations"."version" ASC[0m
Processing by Api::V1::TeachersController#show as */*
  Parameters: {"name"=>"adriano"}
  [1m[36mTeacher Load (0.3ms)[0m  [1m[34mSELECT "teachers".* FROM "teachers" WHERE "teachers"."id" = $1 LIMIT $2[0m  [["id", nil], ["LIMIT", 1]]
  ↳ app/controllers/api/v1/teachers_controller.rb:8:in `show'
Completed 404 Not Found in 19ms (ActiveRecord: 5.3ms | Allocations: 5263)


Started GET "/api/v1/teachers/show/%22adriano%22" for ::1 at 2021-10-04 04:04:32 -0300
Processing by Api::V1::TeachersController#show as */*
  Parameters: {"name"=>"\"adriano\""}
  [1m[36mTeacher Load (0.3ms)[0m  [1m[34mSELECT "teachers".* FROM "teachers" WHERE "teachers"."id" = $1 LIMIT $2[0m  [["id", nil], ["LIMIT", 1]]
  ↳ app/controllers/api/v1/teachers_controller.rb:8:in `show'
Completed 404 Not Found in 2ms (ActiveRecord: 0.3ms | Allocations: 486)


Started GET "/api/v1/teachers/show/adriano" for ::1 at 2021-10-04 04:06:12 -0300
Processing by Api::V1::TeachersController#show as */*
  Parameters: {"name"=>"adriano"}
  [1m[36mTeacher Load (0.2ms)[0m  [1m[34mSELECT "teachers".* FROM "teachers" WHERE "teachers"."id" = $1 LIMIT $2[0m  [["id", nil], ["LIMIT", 1]]
  ↳ app/controllers/api/v1/teachers_controller.rb:8:in `show'
Completed 404 Not Found in 2ms (ActiveRecord: 0.2ms | Allocations: 486)


  [1m[36mTeacher Load (0.2ms)[0m  [1m[34mSELECT "teachers".* FROM "teachers" /* loading for inspect */ LIMIT $1[0m  [["LIMIT", 11]]
Started GET "/api/v1/teachers/show/adriano" for ::1 at 2021-10-04 04:06:54 -0300
  [1m[35m (0.7ms)[0m  [1m[34mSELECT "schema_migrations"."version" FROM "schema_migrations" ORDER BY "schema_migrations"."version" ASC[0m
Processing by Api::V1::TeachersController#show as */*
  Parameters: {"name"=>"adriano"}
  [1m[36mTeacher Load (0.3ms)[0m  [1m[34mSELECT "teachers".* FROM "teachers" WHERE "teachers"."id" = $1 LIMIT $2[0m  [["id", nil], ["LIMIT", 1]]
  ↳ app/controllers/api/v1/teachers_controller.rb:8:in `show'
Completed 404 Not Found in 18ms (ActiveRecord: 4.2ms | Allocations: 5264)


Started GET "/api/v1/teachers/show/3" for ::1 at 2021-10-04 04:08:50 -0300
  [1m[35m (0.5ms)[0m  [1m[34mSELECT "schema_migrations"."version" FROM "schema_migrations" ORDER BY "schema_migrations"."version" ASC[0m
Processing by Api::V1::TeachersController#show as */*
  Parameters: {"id"=>"3"}
  [1m[36mTeacher Load (0.2ms)[0m  [1m[34mSELECT "teachers".* FROM "teachers" WHERE "teachers"."id" = $1 LIMIT $2[0m  [["id", 3], ["LIMIT", 1]]
  ↳ app/controllers/api/v1/teachers_controller.rb:8:in `show'
Completed 404 Not Found in 17ms (ActiveRecord: 3.0ms | Allocations: 5264)


Started GET "/api/v1/teachers/show/4" for ::1 at 2021-10-04 04:08:57 -0300
Processing by Api::V1::TeachersController#show as */*
  Parameters: {"id"=>"4"}
  [1m[36mTeacher Load (0.2ms)[0m  [1m[34mSELECT "teachers".* FROM "teachers" WHERE "teachers"."id" = $1 LIMIT $2[0m  [["id", 4], ["LIMIT", 1]]
  ↳ app/controllers/api/v1/teachers_controller.rb:8:in `show'
Completed 200 OK in 6ms (Views: 0.7ms | ActiveRecord: 0.2ms | Allocations: 3166)


Started GET "/api/v1/teachers/show/1" for ::1 at 2021-10-04 04:12:08 -0300
  [1m[35m (0.7ms)[0m  [1m[34mSELECT "schema_migrations"."version" FROM "schema_migrations" ORDER BY "schema_migrations"."version" ASC[0m
Processing by Api::V1::TeachersController#show as */*
  Parameters: {"id"=>"1"}
  [1m[36mTeacher Load (0.4ms)[0m  [1m[34mSELECT "teachers".* FROM "teachers" WHERE "teachers"."id" = $1 LIMIT $2[0m  [["id", 1], ["LIMIT", 1]]
  ↳ app/controllers/api/v1/teachers_controller.rb:8:in `show'
Completed 200 OK in 27ms (Views: 0.5ms | ActiveRecord: 6.1ms | Allocations: 7939)


  [1m[36mTeacher Load (35.1ms)[0m  [1m[34mSELECT "teachers".* FROM "teachers" /* loading for inspect */ LIMIT $1[0m  [["LIMIT", 11]]
Started GET "/api/v1/students/index" for ::1 at 2021-10-04 16:54:55 -0300
  [1m[35m (22.3ms)[0m  [1m[34mSELECT "schema_migrations"."version" FROM "schema_migrations" ORDER BY "schema_migrations"."version" ASC[0m
Processing by Api::V1::StudentsController#index as */*
  [1m[36mStudent Load (28.0ms)[0m  [1m[34mSELECT "students".* FROM "students"[0m
  ↳ app/controllers/api/v1/students_controller.rb:4:in `index'
Completed 200 OK in 80ms (Views: 13.5ms | ActiveRecord: 33.9ms | Allocations: 8488)


Started GET "/api/v1/students/show/1" for ::1 at 2021-10-04 16:57:52 -0300
  [1m[35m (0.6ms)[0m  [1m[34mSELECT "schema_migrations"."version" FROM "schema_migrations" ORDER BY "schema_migrations"."version" ASC[0m
  
ActionController::RoutingError (No route matches [GET] "/api/v1/students/show/1"):
  
Started GET "/api/v1/students/show/1" for ::1 at 2021-10-04 16:58:28 -0300
Processing by Api::V1::StudentsController#show as */*
  Parameters: {"id"=>"1"}
  [1m[36mStudent Load (0.9ms)[0m  [1m[34mSELECT "students".* FROM "students" WHERE "students"."id" = $1 LIMIT $2[0m  [["id", 1], ["LIMIT", 1]]
  ↳ app/controllers/api/v1/students_controller.rb:9:in `show'
Completed 200 OK in 95ms (Views: 2.3ms | ActiveRecord: 5.7ms | Allocations: 8352)


Started GET "/api/v1/students/show/" for ::1 at 2021-10-04 16:58:38 -0300
  
ActionController::RoutingError (No route matches [GET] "/api/v1/students/show"):
  
Started GET "/api/v1/students/show/2" for ::1 at 2021-10-04 16:58:41 -0300
Processing by Api::V1::StudentsController#show as */*
  Parameters: {"id"=>"2"}
  [1m[36mStudent Load (0.3ms)[0m  [1m[34mSELECT "students".* FROM "students" WHERE "students"."id" = $1 LIMIT $2[0m  [["id", 2], ["LIMIT", 1]]
  ↳ app/controllers/api/v1/students_controller.rb:9:in `show'
Completed 200 OK in 3ms (Views: 0.5ms | ActiveRecord: 0.3ms | Allocations: 635)


Started GET "/api/v1/students/show/3" for ::1 at 2021-10-04 16:58:44 -0300
Processing by Api::V1::StudentsController#show as */*
  Parameters: {"id"=>"3"}
  [1m[36mStudent Load (1.1ms)[0m  [1m[34mSELECT "students".* FROM "students" WHERE "students"."id" = $1 LIMIT $2[0m  [["id", 3], ["LIMIT", 1]]
  ↳ app/controllers/api/v1/students_controller.rb:9:in `show'
Completed 200 OK in 8ms (Views: 0.9ms | ActiveRecord: 1.1ms | Allocations: 635)


Started POST "/api/v1/students/create" for ::1 at 2021-10-04 17:10:43 -0300
  [1m[35m (0.6ms)[0m  [1m[34mSELECT "schema_migrations"."version" FROM "schema_migrations" ORDER BY "schema_migrations"."version" ASC[0m
  
SyntaxError (/home/adriano/Desktop/trainee2021/semana 05/lista_4/app/controllers/api/v1/students_controller.rb:38: syntax error, unexpected `end', expecting end-of-input):
  
app/controllers/api/v1/students_controller.rb:38: syntax error, unexpected `end', expecting end-of-input
app/controllers/api/v1/students_controller.rb:38: syntax error, unexpected `end', expecting end-of-input
Started POST "/api/v1/students/create" for ::1 at 2021-10-04 17:11:27 -0300
  
SyntaxError (/home/adriano/Desktop/trainee2021/semana 05/lista_4/app/controllers/api/v1/students_controller.rb:38: syntax error, unexpected `end', expecting end-of-input):
  
app/controllers/api/v1/students_controller.rb:38: syntax error, unexpected `end', expecting end-of-input
app/controllers/api/v1/students_controller.rb:38: syntax error, unexpected `end', expecting end-of-input
Started POST "/api/v1/students/create" for ::1 at 2021-10-04 17:12:23 -0300
Processing by Api::V1::StudentsController#create as */*
  Parameters: {"name"=>"amanda", "registration"=>"123456789", "email"=>"amanda@mail.com", "birth"=>"2000-01-02", "teacher_id"=>4, "student"=>{"name"=>"amanda", "registration"=>"123456789", "email"=>"amanda@mail.com", "birth"=>"2000-01-02", "teacher_id"=>4}}
  [1m[36mTRANSACTION (0.2ms)[0m  [1m[35mBEGIN[0m
  ↳ app/controllers/api/v1/students_controller.rb:17:in `create'
  [1m[36mTeacher Load (0.4ms)[0m  [1m[34mSELECT "teachers".* FROM "teachers" WHERE "teachers"."id" = $1 LIMIT $2[0m  [["id", 4], ["LIMIT", 1]]
  ↳ app/controllers/api/v1/students_controller.rb:17:in `create'
  [1m[36mStudent Exists? (0.9ms)[0m  [1m[34mSELECT 1 AS one FROM "students" WHERE "students"."registration" = $1 LIMIT $2[0m  [["registration", "123456789"], ["LIMIT", 1]]
  ↳ app/controllers/api/v1/students_controller.rb:17:in `create'
  [1m[36mStudent Create (52.0ms)[0m  [1m[32mINSERT INTO "students" ("name", "registration", "email", "birth", "teacher_id", "created_at", "updated_at") VALUES ($1, $2, $3, $4, $5, $6, $7) RETURNING "id"[0m  [["name", "amanda"], ["registration", "123456789"], ["email", "amanda@mail.com"], ["birth", "2000-01-02"], ["teacher_id", 4], ["created_at", "2021-10-04 20:12:23.400663"], ["updated_at", "2021-10-04 20:12:23.400663"]]
  ↳ app/controllers/api/v1/students_controller.rb:17:in `create'
  [1m[36mTRANSACTION (16.1ms)[0m  [1m[35mCOMMIT[0m
  ↳ app/controllers/api/v1/students_controller.rb:17:in `create'
Completed 201 Created in 156ms (Views: 0.5ms | ActiveRecord: 79.8ms | Allocations: 15433)


  [1m[36mStudent Load (0.3ms)[0m  [1m[34mSELECT "students".* FROM "students" /* loading for inspect */ LIMIT $1[0m  [["LIMIT", 11]]
  [1m[36mStudent Load (0.3ms)[0m  [1m[34mSELECT "students".* FROM "students" /* loading for inspect */ LIMIT $1[0m  [["LIMIT", 11]]
Started PATCH "/api/v1/students/update/6" for ::1 at 2021-10-04 17:19:02 -0300
  [1m[35m (0.5ms)[0m  [1m[34mSELECT "schema_migrations"."version" FROM "schema_migrations" ORDER BY "schema_migrations"."version" ASC[0m
Processing by Api::V1::StudentsController#update as */*
  Parameters: {"name"=>"amanda canizo", "registration"=>"010101010", "id"=>"6", "student"=>{"name"=>"amanda canizo", "registration"=>"010101010"}}
  [1m[36mStudent Load (0.4ms)[0m  [1m[34mSELECT "students".* FROM "students" WHERE "students"."id" = $1 LIMIT $2[0m  [["id", 6], ["LIMIT", 1]]
  ↳ app/controllers/api/v1/students_controller.rb:24:in `update'
  [1m[36mTRANSACTION (0.3ms)[0m  [1m[35mBEGIN[0m
  ↳ app/controllers/api/v1/students_controller.rb:25:in `update'
  [1m[36mTeacher Load (0.3ms)[0m  [1m[34mSELECT "teachers".* FROM "teachers" WHERE "teachers"."id" = $1 LIMIT $2[0m  [["id", 4], ["LIMIT", 1]]
  ↳ app/controllers/api/v1/students_controller.rb:25:in `update'
  [1m[36mStudent Exists? (1.2ms)[0m  [1m[34mSELECT 1 AS one FROM "students" WHERE "students"."registration" = $1 AND "students"."id" != $2 LIMIT $3[0m  [["registration", "010101010"], ["id", 6], ["LIMIT", 1]]
  ↳ app/controllers/api/v1/students_controller.rb:25:in `update'
  [1m[36mStudent Update (0.4ms)[0m  [1m[33mUPDATE "students" SET "name" = $1, "registration" = $2, "updated_at" = $3 WHERE "students"."id" = $4[0m  [["name", "amanda canizo"], ["registration", "010101010"], ["updated_at", "2021-10-04 20:19:02.455124"], ["id", 6]]
  ↳ app/controllers/api/v1/students_controller.rb:25:in `update'
  [1m[36mTRANSACTION (20.6ms)[0m  [1m[35mCOMMIT[0m
  ↳ app/controllers/api/v1/students_controller.rb:25:in `update'
Completed 200 OK in 76ms (Views: 0.6ms | ActiveRecord: 30.8ms | Allocations: 16018)


  [1m[36mStudent Load (0.4ms)[0m  [1m[34mSELECT "students".* FROM "students" WHERE "students"."id" = $1 LIMIT $2[0m  [["id", 6], ["LIMIT", 1]]
Started DELETE "/api/v1/students/delete/6" for ::1 at 2021-10-04 17:32:28 -0300
  [1m[35m (1.2ms)[0m  [1m[34mSELECT "schema_migrations"."version" FROM "schema_migrations" ORDER BY "schema_migrations"."version" ASC[0m
Processing by Api::V1::StudentsController#delete as */*
  Parameters: {"id"=>"6"}
  [1m[36mStudent Load (2.4ms)[0m  [1m[34mSELECT "students".* FROM "students" WHERE "students"."id" = $1 LIMIT $2[0m  [["id", 6], ["LIMIT", 1]]
  ↳ app/controllers/api/v1/students_controller.rb:33:in `delete'
  [1m[36mTRANSACTION (0.1ms)[0m  [1m[35mBEGIN[0m
  ↳ app/controllers/api/v1/students_controller.rb:34:in `delete'
  [1m[36mStudent Destroy (3.2ms)[0m  [1m[31mDELETE FROM "students" WHERE "students"."id" = $1[0m  [["id", 6]]
  ↳ app/controllers/api/v1/students_controller.rb:34:in `delete'
  [1m[36mTRANSACTION (7.9ms)[0m  [1m[35mCOMMIT[0m
  ↳ app/controllers/api/v1/students_controller.rb:34:in `delete'
Completed 200 OK in 42ms (Views: 0.6ms | ActiveRecord: 17.9ms | Allocations: 10340)


  [1m[36mStudent Load (0.4ms)[0m  [1m[34mSELECT "students".* FROM "students" /* loading for inspect */ LIMIT $1[0m  [["LIMIT", 11]]
Started GET "/api/v1/teachers/my_students/1" for ::1 at 2021-10-04 18:56:48 -0300
  [1m[35m (0.5ms)[0m  [1m[34mSELECT "schema_migrations"."version" FROM "schema_migrations" ORDER BY "schema_migrations"."version" ASC[0m
  
ActionController::RoutingError (uninitialized constant Api::V1::TeacherController
Did you mean?  Api::V1::TeachersController):
  
Started GET "/api/v1/teachers/my_students/" for ::1 at 2021-10-04 18:59:18 -0300
  
ActionController::RoutingError (No route matches [GET] "/api/v1/teachers/my_students"):
  
Started GET "/api/v1/teachers/my_students/1" for ::1 at 2021-10-04 18:59:23 -0300
  
ActionController::RoutingError (uninitialized constant Api::V1::TeacherController
Did you mean?  Api::V1::TeachersController):
  
Started GET "/api/v1/teachers/my_students" for ::1 at 2021-10-04 18:59:53 -0300
  
ActionController::RoutingError (No route matches [GET] "/api/v1/teachers/my_students"):
  
Started GET "/api/v1/teachers/my_students/1" for ::1 at 2021-10-04 19:00:26 -0300
Processing by Api::V1::TeachersController#my_students as */*
  Parameters: {"id"=>"1"}
  [1m[36mTeacher Load (0.3ms)[0m  [1m[34mSELECT "teachers".* FROM "teachers" WHERE "teachers"."id" = $1 LIMIT $2[0m  [["id", 1], ["LIMIT", 1]]
  ↳ app/controllers/api/v1/teachers_controller.rb:40:in `my_students'
  [1m[36mStudent Load (0.3ms)[0m  [1m[34mSELECT "students".* FROM "students" WHERE "students"."teacher_id" = $1[0m  [["teacher_id", 1]]
  ↳ app/controllers/api/v1/teachers_controller.rb:41:in `my_students'
Completed 200 OK in 61ms (Views: 13.1ms | ActiveRecord: 7.5ms | Allocations: 15210)


Started GET "/api/v1/teachers/my_students/2" for ::1 at 2021-10-04 19:00:33 -0300
Processing by Api::V1::TeachersController#my_students as */*
  Parameters: {"id"=>"2"}
  [1m[36mTeacher Load (0.3ms)[0m  [1m[34mSELECT "teachers".* FROM "teachers" WHERE "teachers"."id" = $1 LIMIT $2[0m  [["id", 2], ["LIMIT", 1]]
  ↳ app/controllers/api/v1/teachers_controller.rb:40:in `my_students'
  [1m[36mStudent Load (0.6ms)[0m  [1m[34mSELECT "students".* FROM "students" WHERE "students"."teacher_id" = $1[0m  [["teacher_id", 2]]
  ↳ app/controllers/api/v1/teachers_controller.rb:41:in `my_students'
Completed 200 OK in 6ms (Views: 2.6ms | ActiveRecord: 0.8ms | Allocations: 1395)


Started GET "/api/v1/teachers/my_students/4" for ::1 at 2021-10-04 19:00:41 -0300
Processing by Api::V1::TeachersController#my_students as */*
  Parameters: {"id"=>"4"}
  [1m[36mTeacher Load (0.4ms)[0m  [1m[34mSELECT "teachers".* FROM "teachers" WHERE "teachers"."id" = $1 LIMIT $2[0m  [["id", 4], ["LIMIT", 1]]
  ↳ app/controllers/api/v1/teachers_controller.rb:40:in `my_students'
  [1m[36mStudent Load (2.6ms)[0m  [1m[34mSELECT "students".* FROM "students" WHERE "students"."teacher_id" = $1[0m  [["teacher_id", 4]]
  ↳ app/controllers/api/v1/teachers_controller.rb:41:in `my_students'
Completed 200 OK in 8ms (Views: 3.0ms | ActiveRecord: 2.9ms | Allocations: 1159)


Started GET "/api/v1/teachers/my_students/3" for ::1 at 2021-10-04 19:00:44 -0300
Processing by Api::V1::TeachersController#my_students as */*
  Parameters: {"id"=>"3"}
  [1m[36mTeacher Load (0.3ms)[0m  [1m[34mSELECT "teachers".* FROM "teachers" WHERE "teachers"."id" = $1 LIMIT $2[0m  [["id", 3], ["LIMIT", 1]]
  ↳ app/controllers/api/v1/teachers_controller.rb:40:in `my_students'
Completed 404 Not Found in 4ms (ActiveRecord: 0.3ms | Allocations: 492)


Started GET "/api/v1/teachers/my_students/2" for ::1 at 2021-10-04 19:00:51 -0300
Processing by Api::V1::TeachersController#my_students as */*
  Parameters: {"id"=>"2"}
  [1m[36mTeacher Load (0.7ms)[0m  [1m[34mSELECT "teachers".* FROM "teachers" WHERE "teachers"."id" = $1 LIMIT $2[0m  [["id", 2], ["LIMIT", 1]]
  ↳ app/controllers/api/v1/teachers_controller.rb:40:in `my_students'
  [1m[36mStudent Load (0.4ms)[0m  [1m[34mSELECT "students".* FROM "students" WHERE "students"."teacher_id" = $1[0m  [["teacher_id", 2]]
  ↳ app/controllers/api/v1/teachers_controller.rb:41:in `my_students'
Completed 200 OK in 8ms (Views: 3.2ms | ActiveRecord: 1.1ms | Allocations: 1415)


Started GET "/api/v1/languages/index" for ::1 at 2021-10-05 01:03:48 -0300
  [1m[35m (1.0ms)[0m  [1m[34mSELECT "schema_migrations"."version" FROM "schema_migrations" ORDER BY "schema_migrations"."version" ASC[0m
Processing by Api::V1::LanguagesController#index as */*
  [1m[36mLanguage Load (32.4ms)[0m  [1m[34mSELECT "languages".* FROM "languages"[0m
  ↳ app/controllers/api/v1/languages_controller.rb:4:in `index'
Completed 200 OK in 54ms (Views: 8.1ms | ActiveRecord: 36.7ms | Allocations: 6432)


Started GET "/api/v1/students/show/2" for ::1 at 2021-10-05 01:04:07 -0300
Processing by Api::V1::StudentsController#show as */*
  Parameters: {"id"=>"2"}
  [1m[36mStudent Load (0.4ms)[0m  [1m[34mSELECT "students".* FROM "students" WHERE "students"."id" = $1 LIMIT $2[0m  [["id", 2], ["LIMIT", 1]]
  ↳ app/controllers/api/v1/students_controller.rb:9:in `show'
Completed 200 OK in 25ms (Views: 2.8ms | ActiveRecord: 5.4ms | Allocations: 5200)


Started GET "/api/v1/teachers/index" for ::1 at 2021-10-05 01:05:49 -0300
Processing by Api::V1::TeachersController#index as */*
  [1m[36mTeacher Load (0.5ms)[0m  [1m[34mSELECT "teachers".* FROM "teachers"[0m
  ↳ app/controllers/api/v1/teachers_controller.rb:4:in `index'
Completed 200 OK in 32ms (Views: 17.9ms | ActiveRecord: 3.9ms | Allocations: 4888)


Started GET "/api/v1/languages/show/2" for ::1 at 2021-10-05 01:06:56 -0300
Processing by Api::V1::LanguagesController#show as */*
  Parameters: {"id"=>"2"}
  [1m[36mLanguage Load (0.5ms)[0m  [1m[34mSELECT "languages".* FROM "languages" WHERE "languages"."id" = $1 LIMIT $2[0m  [["id", 2], ["LIMIT", 1]]
  ↳ app/controllers/api/v1/languages_controller.rb:8:in `show'
Completed 200 OK in 6ms (Views: 1.5ms | ActiveRecord: 0.5ms | Allocations: 689)


Started POST "/api/v1/languages/create" for ::1 at 2021-10-05 01:07:15 -0300
Processing by Api::V1::LanguagesController#create as */*
  Parameters: {"name"=>"python", "teacher_id"=>1, "language"=>{"name"=>"python", "teacher_id"=>1}}
  [1m[36mTRANSACTION (2.7ms)[0m  [1m[35mBEGIN[0m
  ↳ app/controllers/api/v1/languages_controller.rb:16:in `create'
  [1m[36mTeacher Load (0.5ms)[0m  [1m[34mSELECT "teachers".* FROM "teachers" WHERE "teachers"."id" = $1 LIMIT $2[0m  [["id", 1], ["LIMIT", 1]]
  ↳ app/controllers/api/v1/languages_controller.rb:16:in `create'
  [1m[36mLanguage Create (8.3ms)[0m  [1m[32mINSERT INTO "languages" ("name", "teacher_id", "created_at", "updated_at") VALUES ($1, $2, $3, $4) RETURNING "id"[0m  [["name", "python"], ["teacher_id", 1], ["created_at", "2021-10-05 04:07:15.325495"], ["updated_at", "2021-10-05 04:07:15.325495"]]
  ↳ app/controllers/api/v1/languages_controller.rb:16:in `create'
  [1m[36mTRANSACTION (13.2ms)[0m  [1m[35mCOMMIT[0m
  ↳ app/controllers/api/v1/languages_controller.rb:16:in `create'
Completed 201 Created in 76ms (Views: 1.4ms | ActiveRecord: 24.7ms | Allocations: 5466)


Started GET "/api/v1/teachers/index" for ::1 at 2021-10-05 01:07:39 -0300
Processing by Api::V1::TeachersController#index as */*
  [1m[36mTeacher Load (0.4ms)[0m  [1m[34mSELECT "teachers".* FROM "teachers"[0m
  ↳ app/controllers/api/v1/teachers_controller.rb:4:in `index'
Completed 200 OK in 5ms (Views: 4.1ms | ActiveRecord: 0.4ms | Allocations: 928)


Started GET "/api/v1/languages/index" for ::1 at 2021-10-05 01:07:47 -0300
Processing by Api::V1::LanguagesController#index as */*
  [1m[36mLanguage Load (0.5ms)[0m  [1m[34mSELECT "languages".* FROM "languages"[0m
  ↳ app/controllers/api/v1/languages_controller.rb:4:in `index'
Completed 200 OK in 12ms (Views: 11.3ms | ActiveRecord: 0.5ms | Allocations: 850)


Started DELETE "/api/v1/languages/delete/3" for ::1 at 2021-10-05 01:09:35 -0300
Processing by Api::V1::LanguagesController#delete as */*
  Parameters: {"id"=>"3"}
  [1m[36mLanguage Load (0.2ms)[0m  [1m[34mSELECT "languages".* FROM "languages" WHERE "languages"."id" = $1 LIMIT $2[0m  [["id", 3], ["LIMIT", 1]]
  ↳ app/controllers/api/v1/languages_controller.rb:32:in `delete'
  [1m[36mTRANSACTION (0.2ms)[0m  [1m[35mBEGIN[0m
  ↳ app/controllers/api/v1/languages_controller.rb:33:in `delete'
  [1m[36mLanguage Destroy (0.3ms)[0m  [1m[31mDELETE FROM "languages" WHERE "languages"."id" = $1[0m  [["id", 3]]
  ↳ app/controllers/api/v1/languages_controller.rb:33:in `delete'
  [1m[36mTRANSACTION (15.1ms)[0m  [1m[35mCOMMIT[0m
  ↳ app/controllers/api/v1/languages_controller.rb:33:in `delete'
Completed 200 OK in 36ms (Views: 0.7ms | ActiveRecord: 19.6ms | Allocations: 4736)


Started POST "/api/v1/languages/create" for ::1 at 2021-10-05 01:09:41 -0300
Processing by Api::V1::LanguagesController#create as */*
  Parameters: {"name"=>"python", "teacher_id"=>1, "language"=>{"name"=>"python", "teacher_id"=>1}}
  [1m[36mTRANSACTION (0.1ms)[0m  [1m[35mBEGIN[0m
  ↳ app/controllers/api/v1/languages_controller.rb:16:in `create'
  [1m[36mTeacher Load (0.3ms)[0m  [1m[34mSELECT "teachers".* FROM "teachers" WHERE "teachers"."id" = $1 LIMIT $2[0m  [["id", 1], ["LIMIT", 1]]
  ↳ app/controllers/api/v1/languages_controller.rb:16:in `create'
  [1m[36mLanguage Exists? (0.4ms)[0m  [1m[34mSELECT 1 AS one FROM "languages" WHERE "languages"."teacher_id" = $1 LIMIT $2[0m  [["teacher_id", 1], ["LIMIT", 1]]
  ↳ app/controllers/api/v1/languages_controller.rb:16:in `create'
  [1m[36mTRANSACTION (0.2ms)[0m  [1m[31mROLLBACK[0m
  ↳ app/controllers/api/v1/languages_controller.rb:16:in `create'
Completed 422 Unprocessable Entity in 84ms (ActiveRecord: 6.6ms | Allocations: 9356)


  [1m[36mLanguage Load (0.4ms)[0m  [1m[34mSELECT "languages".* FROM "languages" /* loading for inspect */ LIMIT $1[0m  [["LIMIT", 11]]
Started PATCH "/api/v1/languages/update/1" for ::1 at 2021-10-05 01:15:46 -0300
  [1m[35m (0.8ms)[0m  [1m[34mSELECT "schema_migrations"."version" FROM "schema_migrations" ORDER BY "schema_migrations"."version" ASC[0m
Processing by Api::V1::LanguagesController#update as */*
  Parameters: {"name"=>"python", "id"=>"1", "language"=>{"name"=>"python"}}
  [1m[36mLanguage Load (0.3ms)[0m  [1m[34mSELECT "languages".* FROM "languages" WHERE "languages"."id" = $1 LIMIT $2[0m  [["id", 1], ["LIMIT", 1]]
  ↳ app/controllers/api/v1/languages_controller.rb:23:in `update'
  [1m[36mTRANSACTION (0.1ms)[0m  [1m[35mBEGIN[0m
  ↳ app/controllers/api/v1/languages_controller.rb:24:in `update'
  [1m[36mTeacher Load (0.3ms)[0m  [1m[34mSELECT "teachers".* FROM "teachers" WHERE "teachers"."id" = $1 LIMIT $2[0m  [["id", 1], ["LIMIT", 1]]
  ↳ app/controllers/api/v1/languages_controller.rb:24:in `update'
  [1m[36mLanguage Exists? (0.5ms)[0m  [1m[34mSELECT 1 AS one FROM "languages" WHERE "languages"."teacher_id" = $1 AND "languages"."id" != $2 LIMIT $3[0m  [["teacher_id", 1], ["id", 1], ["LIMIT", 1]]
  ↳ app/controllers/api/v1/languages_controller.rb:24:in `update'
  [1m[36mLanguage Update (0.5ms)[0m  [1m[33mUPDATE "languages" SET "name" = $1, "updated_at" = $2 WHERE "languages"."id" = $3[0m  [["name", "python"], ["updated_at", "2021-10-05 04:15:46.642030"], ["id", 1]]
  ↳ app/controllers/api/v1/languages_controller.rb:24:in `update'
  [1m[36mTRANSACTION (8.3ms)[0m  [1m[35mCOMMIT[0m
  ↳ app/controllers/api/v1/languages_controller.rb:24:in `update'
Completed 200 OK in 58ms (Views: 0.6ms | ActiveRecord: 15.4ms | Allocations: 14720)


  [1m[36mLanguage Load (0.3ms)[0m  [1m[34mSELECT "languages".* FROM "languages" /* loading for inspect */ LIMIT $1[0m  [["LIMIT", 11]]
